<?xml version="1.0" encoding="UTF-8"?>
<testsuites>
  <testsuite name="qenv-replace_code" timestamp="2023-11-21T08:56:26Z" hostname="4325b0705c99" tests="7" skipped="0" failures="0" errors="0" time="0.134">
    <testcase time="0.043" classname="qenv_replace_code" name="object_argument_accepts_qenv"/>
    <testcase time="0.0600000000000001" classname="qenv_replace_code" name="object_argument_accepts_qenv.error"/>
    <testcase time="0.013" classname="qenv_replace_code" name="code_argument_accepts_character"/>
    <testcase time="0.004" classname="qenv_replace_code" name="code_argument_accepts_language"/>
    <testcase time="0.005" classname="qenv_replace_code" name="code_argument_accepts_expression"/>
    <testcase time="0.00499999999999989" classname="qenv_replace_code" name="code_replace_replaces_last_element_of_the_code"/>
    <testcase time="0.004" classname="qenv_replace_code" name="no_changes_are_made_to_empty_code_slot"/>
  </testsuite>
  <testsuite name="qenv-within" timestamp="2023-11-21T08:56:26Z" hostname="4325b0705c99" tests="13" skipped="0" failures="0" errors="0" time="0.06">
    <testcase time="0.013" classname="qenv_within" name="simple_and_compound_expressions_are_evaluated"/>
    <testcase time="0.002" classname="qenv_within" name="simple_and_compound_expressions_are_evaluated"/>
    <testcase time="0.005" classname="qenv_within" name="styling_of_input_code_does_not_impact_evaluation_results"/>
    <testcase time="0.002" classname="qenv_within" name="styling_of_input_code_does_not_impact_evaluation_results"/>
    <testcase time="0.005" classname="qenv_within" name="within.qenv_renturns_a_qenv_where_env_is_a_deep_copy_of_that_in_data_"/>
    <testcase time="0.003" classname="qenv_within" name="within.qenv_renturns_a_qenv_where_env_is_a_deep_copy_of_that_in_data_"/>
    <testcase time="0.00700000000000001" classname="qenv_within" name="within.qenv_renturns_qenv.error_even_if_evaluation_raises_error"/>
    <testcase time="0.004" classname="qenv_within" name="within.qenv_renturns_qenv.error_even_if_evaluation_raises_error"/>
    <testcase time="0.005" classname="qenv_within" name="external_values_can_be_injected_into_expressions_through_..._"/>
    <testcase time="0.004" classname="qenv_within" name="external_values_are_not_taken_from_calling_frame"/>
    <testcase time="0.00800000000000001" classname="qenv_within" name="external_values_are_not_taken_from_calling_frame"/>
    <testcase time="0.001" classname="qenv_within" name="external_values_are_not_taken_from_calling_frame"/>
    <testcase time="0.001" classname="qenv_within" name="external_values_are_not_taken_from_calling_frame"/>
  </testsuite>
  <testsuite name="qenv_concat" timestamp="2023-11-21T08:56:26Z" hostname="4325b0705c99" tests="12" skipped="0" failures="0" errors="0" time="0.054">
    <testcase time="0.016" classname="qenv_concat" name="Concatenate_two_identical_qenvs_outputs"/>
    <testcase time="0.001" classname="qenv_concat" name="Concatenate_two_identical_qenvs_outputs"/>
    <testcase time="0.004" classname="qenv_concat" name="Concatenate_two_independent_qenvs_results_in_object_having_combined_code_and_environments"/>
    <testcase time="0.002" classname="qenv_concat" name="Concatenate_two_independent_qenvs_results_in_object_having_combined_code_and_environments"/>
    <testcase time="0.001" classname="qenv_concat" name="Concatenate_two_independent_qenvs_results_in_object_having_combined_code_and_environments"/>
    <testcase time="0.00600000000000001" classname="qenv_concat" name="Concatenate_qenvs_results_with_the_same_variable_the_RHS_has_priority"/>
    <testcase time="0.005" classname="qenv_concat" name="Concatenate_with_a_qenv.error_object_returns_the_qenv.error_object"/>
    <testcase time="0.002" classname="qenv_concat" name="Concatenate_with_a_qenv.error_object_returns_the_qenv.error_object"/>
    <testcase time="0.004" classname="qenv_concat" name="Concatenate_with_a_qenv.error_object_returns_the_qenv.error_object"/>
    <testcase time="0.002" classname="qenv_concat" name="Concatenate_with_a_qenv.error_object_returns_the_qenv.error_object"/>
    <testcase time="0.00600000000000001" classname="qenv_concat" name="Concatenate_two_independent_qenvs_with_warnings_results_in_object_having_combined_warnings"/>
    <testcase time="0.005" classname="qenv_concat" name="Concatenate_two_independent_qenvs_with_messages_results_in_object_having_combined_messages"/>
  </testsuite>
  <testsuite name="qenv_constructor" timestamp="2023-11-21T08:56:26Z" hostname="4325b0705c99" tests="25" skipped="0" failures="0" errors="0" time="0.131">
    <testcase time="0.00600000000000001" classname="qenv_constructor" name="constructor_returns_qenv_if_nothing_is_specified"/>
    <testcase time="0.00099999999999989" classname="qenv_constructor" name="constructor_returns_qenv_if_nothing_is_specified"/>
    <testcase time="0.001" classname="qenv_constructor" name="constructor_returns_qenv_if_nothing_is_specified"/>
    <testcase time="0.001" classname="qenv_constructor" name="constructor_returns_qenv_if_nothing_is_specified"/>
    <testcase time="0.002" classname="qenv_constructor" name="constructor_returns_qenv_if_nothing_is_specified"/>
    <testcase time="0.001" classname="qenv_constructor" name="constructor_returns_qenv_if_nothing_is_specified"/>
    <testcase time="0.004" classname="qenv_constructor" name="parent_of_qenv_environment_is_the_parent_of_.GlobalEnv"/>
    <testcase time="0.001" classname="qenv_constructor" name="parent_of_qenv_environment_is_the_parent_of_.GlobalEnv"/>
    <testcase time="0.001" classname="qenv_constructor" name="parent_of_qenv_environment_is_the_parent_of_.GlobalEnv"/>
    <testcase time="0.005" classname="qenv_constructor" name="provided_environment_is_copied_so_the_change_of_the_environment_won_t_affect_qenv"/>
    <testcase time="0.05" classname="qenv_constructor" name="new_qenv_fails_if_code_is_provided_but_not_environment"/>
    <testcase time="0.0069999999999999" classname="qenv_constructor" name="new_qenv_works_with_code_being_character"/>
    <testcase time="0.00100000000000011" classname="qenv_constructor" name="new_qenv_works_with_code_being_character"/>
    <testcase time="0.00499999999999989" classname="qenv_constructor" name="new_qenv_works_with_code_being_character"/>
    <testcase time="0.00600000000000001" classname="qenv_constructor" name="new_qenv_works_with_code_being_expression"/>
    <testcase time="0.00100000000000011" classname="qenv_constructor" name="new_qenv_works_with_code_being_expression"/>
    <testcase time="0.004" classname="qenv_constructor" name="new_qenv_works_with_code_being_expression"/>
    <testcase time="0.004" classname="qenv_constructor" name="new_qenv_works_with_code_being_quoted_expression"/>
    <testcase time="0.002" classname="qenv_constructor" name="new_qenv_works_with_code_being_quoted_expression"/>
    <testcase time="0.00299999999999989" classname="qenv_constructor" name="new_qenv_works_with_code_being_quoted_expression"/>
    <testcase time="0.00500000000000012" classname="qenv_constructor" name="new_qenv_works_with_code_being_length_1"/>
    <testcase time="0.00099999999999989" classname="qenv_constructor" name="new_qenv_works_with_code_being_length_1"/>
    <testcase time="0.00900000000000012" classname="qenv_constructor" name="new_qenv_allows_to_pass_irreproducible_env_and_code"/>
    <testcase time="0.00800000000000001" classname="qenv_constructor" name="Initializing_qenv_with_code_only_creates_corresponding_warnings_and_messages_slots"/>
    <testcase time="0.002" classname="qenv_constructor" name="Initializing_qenv_with_code_only_creates_corresponding_warnings_and_messages_slots"/>
  </testsuite>
  <testsuite name="qenv_eval_code" timestamp="2023-11-21T08:56:27Z" hostname="4325b0705c99" tests="26" skipped="0" failures="0" errors="0" time="0.092">
    <testcase time="0.0069999999999999" classname="qenv_eval_code" name="eval_code_evaluates_the_code_in_the_qenvs_environment"/>
    <testcase time="0.004" classname="qenv_eval_code" name="eval_code_doesn_t_have_access_to_environment_where_it_s_called"/>
    <testcase time="0.004" classname="qenv_eval_code" name="_env_in_qenv_is_always_a_sibling_of_.GlobalEnv"/>
    <testcase time="0.00100000000000011" classname="qenv_eval_code" name="_env_in_qenv_is_always_a_sibling_of_.GlobalEnv"/>
    <testcase time="0.002" classname="qenv_eval_code" name="_env_in_qenv_is_always_a_sibling_of_.GlobalEnv"/>
    <testcase time="0.0089999999999999" classname="qenv_eval_code" name="getting_object_from_the_package_namespace_works_even_if_library_in_the_same_call"/>
    <testcase time="0.00500000000000012" classname="qenv_eval_code" name="eval_code_works_with_character"/>
    <testcase time="0.00099999999999989" classname="qenv_eval_code" name="eval_code_works_with_character"/>
    <testcase time="0.004" classname="qenv_eval_code" name="eval_code_works_with_expression"/>
    <testcase time="0.00100000000000011" classname="qenv_eval_code" name="eval_code_works_with_expression"/>
    <testcase time="0.004" classname="qenv_eval_code" name="eval_code_works_with_quoted"/>
    <testcase time="0.00099999999999989" classname="qenv_eval_code" name="eval_code_works_with_quoted"/>
    <testcase time="0.00500000000000012" classname="qenv_eval_code" name="eval_code_works_with_quoted_code_block"/>
    <testcase time="0.00099999999999989" classname="qenv_eval_code" name="eval_code_works_with_quoted_code_block"/>
    <testcase time="0.012" classname="qenv_eval_code" name="eval_code_fails_with_unquoted_expression"/>
    <testcase time="0.004" classname="qenv_eval_code" name="an_error_when_calling_eval_code_returns_a_qenv.error_object_which_has_message_and_trace"/>
    <testcase time="0.002" classname="qenv_eval_code" name="an_error_when_calling_eval_code_returns_a_qenv.error_object_which_has_message_and_trace"/>
    <testcase time="0.00100000000000011" classname="qenv_eval_code" name="an_error_when_calling_eval_code_returns_a_qenv.error_object_which_has_message_and_trace"/>
    <testcase time="0.00599999999999978" classname="qenv_eval_code" name="a_warning_when_calling_eval_code_returns_a_qenv_object_which_has_warnings"/>
    <testcase time="0.002" classname="qenv_eval_code" name="a_warning_when_calling_eval_code_returns_a_qenv_object_which_has_warnings"/>
    <testcase time="0.004" classname="qenv_eval_code" name="eval_code_with_a_vector_of_code_produces_one_warning_element_per_code_element"/>
    <testcase time="0.00500000000000012" classname="qenv_eval_code" name="a_message_when_calling_eval_code_returns_a_qenv_object_which_has_messages"/>
    <testcase time="0.00099999999999989" classname="qenv_eval_code" name="a_message_when_calling_eval_code_returns_a_qenv_object_which_has_messages"/>
    <testcase time="0.004" classname="qenv_eval_code" name="eval_code_returns_a_qenv_object_with_empty_messages_and_warnings_when_none_are_returned"/>
    <testcase time="0.00100000000000011" classname="qenv_eval_code" name="eval_code_returns_a_qenv_object_with_empty_messages_and_warnings_when_none_are_returned"/>
    <testcase time="0.00099999999999989" classname="qenv_eval_code" name="eval_code_returns_a_qenv_object_with_empty_messages_and_warnings_when_none_are_returned"/>
  </testsuite>
  <testsuite name="qenv_get_code" timestamp="2023-11-21T08:56:27Z" hostname="4325b0705c99" tests="5" skipped="0" failures="0" errors="0" time="0.026">
    <testcase time="0.00700000000000012" classname="qenv_get_code" name="get_code_returns_code_character_by_default_of_qenv_object"/>
    <testcase time="0.00499999999999989" classname="qenv_get_code" name="get_code_returns_code_elements_being_code_blocks_as_character_1_"/>
    <testcase time="0.00800000000000001" classname="qenv_get_code" name="get_code_returns_expression_of_qenv_object_if_deparse_FALSE"/>
    <testcase time="0.00500000000000012" classname="qenv_get_code" name="get_code_called_with_qenv.error_returns_error_with_trace_in_error_message"/>
    <testcase time="0.00099999999999989" classname="qenv_get_code" name="get_code_called_with_qenv.error_returns_error_with_trace_in_error_message"/>
  </testsuite>
  <testsuite name="qenv_get_var" timestamp="2023-11-21T08:56:27Z" hostname="4325b0705c99" tests="8" skipped="0" failures="0" errors="0" time="0.035">
    <testcase time="0.0110000000000001" classname="qenv_get_var" name="get_var_and_return_error_if_object_is_qenv.error"/>
    <testcase time="0.004" classname="qenv_get_var" name="get_var_and_return_error_if_object_is_qenv.error"/>
    <testcase time="0.00499999999999989" classname="qenv_get_var" name="get_var_and_return_object_from_qenv_environment"/>
    <testcase time="0.00100000000000011" classname="qenv_get_var" name="get_var_and_return_object_from_qenv_environment"/>
    <testcase time="0.0069999999999999" classname="qenv_get_var" name="get_var_and_return_NULL_if_object_not_in_qenv_environment"/>
    <testcase time="0.002" classname="qenv_get_var" name="get_var_and_return_NULL_if_object_not_in_qenv_environment"/>
    <testcase time="0.00300000000000011" classname="qenv_get_var" name="get_var_and_return_NULL_if_object_not_in_qenv_environment"/>
    <testcase time="0.002" classname="qenv_get_var" name="get_var_and_return_NULL_if_object_not_in_qenv_environment"/>
  </testsuite>
  <testsuite name="qenv_get_warnings" timestamp="2023-11-21T08:56:27Z" hostname="4325b0705c99" tests="7" skipped="0" failures="0" errors="0" time="0.043">
    <testcase time="0.00800000000000001" classname="qenv_get_warnings" name="get_warnings_accepts_a_qenv_object_and_returns_character"/>
    <testcase time="0.0089999999999999" classname="qenv_get_warnings" name="get_warnings_accepts_a_qenv.error_object_and_returns_NULL"/>
    <testcase time="0.00600000000000001" classname="qenv_get_warnings" name="get_warnings_accepts_a_NULL_object_and_returns_NULL"/>
    <testcase time="0.00600000000000001" classname="qenv_get_warnings" name="get_warnings_accepts_a_qenv_object_with_no_warning_and_returns_NULL"/>
    <testcase time="0.00499999999999989" classname="qenv_get_warnings" name="get_warnings_accepts_a_qenv_object_with_2_warnings"/>
    <testcase time="0.004" classname="qenv_get_warnings" name="get_warnings_accepts_a_qenv_object_with_a_single_eval_code_returning_2_warnings"/>
    <testcase time="0.00499999999999989" classname="qenv_get_warnings" name="get_warnings_accepts_a_qenv_object_with_1_warning_eval_code_and_1_no_warning_eval_code"/>
  </testsuite>
  <testsuite name="qenv_join" timestamp="2023-11-21T08:56:27Z" hostname="4325b0705c99" tests="40" skipped="0" failures="0" errors="0" time="0.154">
    <testcase time="0.01" classname="qenv_join" name="Joining_two_identical_qenvs_outputs_the_same_object"/>
    <testcase time="0.00100000000000011" classname="qenv_join" name="Joining_two_identical_qenvs_outputs_the_same_object"/>
    <testcase time="0.00099999999999989" classname="qenv_join" name="Joining_two_identical_qenvs_outputs_the_same_object"/>
    <testcase time="0.00100000000000011" classname="qenv_join" name="Joining_two_identical_qenvs_outputs_the_same_object"/>
    <testcase time="0.0089999999999999" classname="qenv_join" name="Joining_two_independent_qenvs_results_in_object_having_combined_code_and_environments"/>
    <testcase time="0.00100000000000011" classname="qenv_join" name="Joining_two_independent_qenvs_results_in_object_having_combined_code_and_environments"/>
    <testcase time="0.002" classname="qenv_join" name="Joining_two_independent_qenvs_results_in_object_having_combined_code_and_environments"/>
    <testcase time="0.00099999999999989" classname="qenv_join" name="Joining_two_independent_qenvs_results_in_object_having_combined_code_and_environments"/>
    <testcase time="0.00600000000000001" classname="qenv_join" name="Joined_qenv_does_not_duplicate_common_code"/>
    <testcase time="0.00100000000000011" classname="qenv_join" name="Joined_qenv_does_not_duplicate_common_code"/>
    <testcase time="0.00099999999999989" classname="qenv_join" name="Joined_qenv_does_not_duplicate_common_code"/>
    <testcase time="0.00500000000000012" classname="qenv_join" name="Not_able_to_join_two_qenvs_if_any_of_the_shared_objects_changed"/>
    <testcase time="0.004" classname="qenv_join" name="Not_able_to_join_two_qenvs_if_any_of_the_shared_objects_changed"/>
    <testcase time="0.0069999999999999" classname="qenv_join" name="join_does_not_duplicate_code_but_adds_only_extra_code"/>
    <testcase time="0.00100000000000011" classname="qenv_join" name="join_does_not_duplicate_code_but_adds_only_extra_code"/>
    <testcase time="0.00299999999999989" classname="qenv_join" name="join_does_not_duplicate_code_but_adds_only_extra_code"/>
    <testcase time="0.00100000000000011" classname="qenv_join" name="join_does_not_duplicate_code_but_adds_only_extra_code"/>
    <testcase time="0.00800000000000001" classname="qenv_join" name="Not_possible_to_join_qenvs_which_share_some_code_when_one_of_the_shared_object_was_modified"/>
    <testcase time="0.0089999999999999" classname="qenv_join" name="qenv_objects_are_mergeable_if_they_don_t_share_any_code_identified_by_id_"/>
    <testcase time="0.00100000000000011" classname="qenv_join" name="qenv_objects_are_mergeable_if_they_don_t_share_any_code_identified_by_id_"/>
    <testcase time="0.00099999999999989" classname="qenv_join" name="qenv_objects_are_mergeable_if_they_don_t_share_any_code_identified_by_id_"/>
    <testcase time="0.002" classname="qenv_join" name="qenv_objects_are_mergeable_if_they_don_t_share_any_code_identified_by_id_"/>
    <testcase time="0.00100000000000011" classname="qenv_join" name="qenv_objects_are_mergeable_if_they_don_t_share_any_code_identified_by_id_"/>
    <testcase time="0.00600000000000001" classname="qenv_join" name="qenv_objects_are_mergeable_if_they_share_common_initial_qenv_elements"/>
    <testcase time="0.00099999999999989" classname="qenv_join" name="qenv_objects_are_mergeable_if_they_share_common_initial_qenv_elements"/>
    <testcase time="0.00100000000000011" classname="qenv_join" name="qenv_objects_are_mergeable_if_they_share_common_initial_qenv_elements"/>
    <testcase time="0.00100000000000011" classname="qenv_join" name="qenv_objects_are_mergeable_if_they_share_common_initial_qenv_elements"/>
    <testcase time="0.00099999999999989" classname="qenv_join" name="qenv_objects_are_mergeable_if_they_share_common_initial_qenv_elements"/>
    <testcase time="0.00500000000000012" classname="qenv_join" name="qenv_objects_aren_t_mergeable_if_they_share_common_qenv_elements_proceeded_with_some_other_code"/>
    <testcase time="0.004" classname="qenv_join" name="qenv_objects_aren_t_mergeable_if_they_share_common_qenv_elements_proceeded_with_some_other_code"/>
    <testcase time="0.00499999999999989" classname="qenv_join" name="qenv_objects_are_not_mergable_if_they_have_multiple_common_streaks"/>
    <testcase time="0.004" classname="qenv_join" name="qenv_objects_are_not_mergable_if_they_have_multiple_common_streaks"/>
    <testcase time="0.00500000000000012" classname="qenv_join" name="joining_with_a_qenv.error_object_returns_the_qenv.error_object"/>
    <testcase time="0.00099999999999989" classname="qenv_join" name="joining_with_a_qenv.error_object_returns_the_qenv.error_object"/>
    <testcase time="0.002" classname="qenv_join" name="joining_with_a_qenv.error_object_returns_the_qenv.error_object"/>
    <testcase time="0.024" classname="qenv_join" name="joining_with_a_qenv.error_object_returns_the_qenv.error_object"/>
    <testcase time="0.0069999999999999" classname="qenv_join" name="Joining_two_independent_qenvs_with_warnings_results_in_object_having_combined_warnings"/>
    <testcase time="0.002" classname="qenv_join" name="Joining_two_independent_qenvs_with_warnings_results_in_object_having_combined_warnings"/>
    <testcase time="0.00600000000000001" classname="qenv_join" name="Joining_two_independent_qenvs_with_messages_results_in_object_having_combined_messages"/>
    <testcase time="0.002" classname="qenv_join" name="Joining_two_independent_qenvs_with_messages_results_in_object_having_combined_messages"/>
  </testsuite>
  <testsuite name="utils" timestamp="2023-11-21T08:56:27Z" hostname="4325b0705c99" tests="18" skipped="0" failures="0" errors="0" time="0.053">
    <testcase time="0.00800000000000001" classname="utils" name="dev_suppress_function_supress_printing_plot_on_IDE"/>
    <testcase time="0.002" classname="utils" name="dev_suppress_function_supress_printing_plot_on_IDE"/>
    <testcase time="0.00500000000000012" classname="utils" name="lang2calls_returns_list_of_calls_given_a_language_object"/>
    <testcase time="0.00299999999999989" classname="utils" name="lang2calls_returns_list_of_calls_given_a_language_object"/>
    <testcase time="0.00300000000000011" classname="utils" name="lang2calls_returns_list_of_calls_given_a_language_object"/>
    <testcase time="0.004" classname="utils" name="lang2calls_returns_list_of_calls_given_a_language_object"/>
    <testcase time="0.00499999999999989" classname="utils" name="lang2calls_returns_list_of_calls_given_a_list_of_language_objects"/>
    <testcase time="0.00600000000000001" classname="utils" name="lang2calls_returns_list_of_calls_given_a_list_of_language_objects"/>
    <testcase time="0.004" classname="utils" name="lang2calls_returns_atomics_and_symbols_wrapped_in_list"/>
    <testcase time="0.00100000000000011" classname="utils" name="lang2calls_returns_atomics_and_symbols_wrapped_in_list"/>
    <testcase time="0.00099999999999989" classname="utils" name="lang2calls_returns_atomics_and_symbols_wrapped_in_list"/>
    <testcase time="0.002" classname="utils" name="lang2calls_returns_atomics_and_symbols_wrapped_in_list"/>
    <testcase time="0.00300000000000011" classname="utils" name="format_expression_turns_expression_calls_or_lists_thereof_into_character_strings_without_curly_brackets"/>
    <testcase time="0.00099999999999989" classname="utils" name="format_expression_turns_expression_calls_or_lists_thereof_into_character_strings_without_curly_brackets"/>
    <testcase time="0.00100000000000011" classname="utils" name="format_expression_turns_expression_calls_or_lists_thereof_into_character_strings_without_curly_brackets"/>
    <testcase time="0.00099999999999989" classname="utils" name="format_expression_turns_expression_calls_or_lists_thereof_into_character_strings_without_curly_brackets"/>
    <testcase time="0.002" classname="utils" name="format_expression_turns_expression_calls_or_lists_thereof_into_character_strings_without_curly_brackets"/>
    <testcase time="0.00100000000000011" classname="utils" name="format_expression_turns_expression_calls_or_lists_thereof_into_character_strings_without_curly_brackets"/>
  </testsuite>
</testsuites>
