<?xml version="1.0" encoding="UTF-8"?>
<testsuites>
  <testsuite name="qenv_concat" timestamp="2023-07-25T11:11:55Z" hostname="90d443433f5e" tests="12" skipped="0" failures="0" errors="0" time="0.235">
    <testcase time="0.012" classname="qenv_concat" name="Concatenate_two_identical_qenvs_outputs"/>
    <testcase time="0.019" classname="qenv_concat" name="Concatenate_two_identical_qenvs_outputs"/>
    <testcase time="0.0650000000000001" classname="qenv_concat" name="Concatenate_two_independent_qenvs_results_in_object_having_combined_code_and_environments"/>
    <testcase time="0.001" classname="qenv_concat" name="Concatenate_two_independent_qenvs_results_in_object_having_combined_code_and_environments"/>
    <testcase time="0.001" classname="qenv_concat" name="Concatenate_two_independent_qenvs_results_in_object_having_combined_code_and_environments"/>
    <testcase time="0.00700000000000001" classname="qenv_concat" name="Concatenate_qenvs_results_with_the_same_variable_the_RHS_has_priority"/>
    <testcase time="0.112" classname="qenv_concat" name="Concatenate_with_a_qenv.error_object_returns_the_qenv.error_object"/>
    <testcase time="0.002" classname="qenv_concat" name="Concatenate_with_a_qenv.error_object_returns_the_qenv.error_object"/>
    <testcase time="0.00099999999999989" classname="qenv_concat" name="Concatenate_with_a_qenv.error_object_returns_the_qenv.error_object"/>
    <testcase time="0.00300000000000011" classname="qenv_concat" name="Concatenate_with_a_qenv.error_object_returns_the_qenv.error_object"/>
    <testcase time="0.00600000000000001" classname="qenv_concat" name="Concatenate_two_independent_qenvs_with_warnings_results_in_object_having_combined_warnings"/>
    <testcase time="0.00600000000000001" classname="qenv_concat" name="Concatenate_two_independent_qenvs_with_messages_results_in_object_having_combined_messages"/>
  </testsuite>
  <testsuite name="qenv_constructor" timestamp="2023-07-25T11:11:55Z" hostname="90d443433f5e" tests="25" skipped="0" failures="0" errors="0" time="0.139">
    <testcase time="0.016" classname="qenv_constructor" name="constructor_returns_qenv_if_nothing_is_specified"/>
    <testcase time="0.00099999999999989" classname="qenv_constructor" name="constructor_returns_qenv_if_nothing_is_specified"/>
    <testcase time="0.00100000000000011" classname="qenv_constructor" name="constructor_returns_qenv_if_nothing_is_specified"/>
    <testcase time="0.00099999999999989" classname="qenv_constructor" name="constructor_returns_qenv_if_nothing_is_specified"/>
    <testcase time="0.00100000000000011" classname="qenv_constructor" name="constructor_returns_qenv_if_nothing_is_specified"/>
    <testcase time="0.00099999999999989" classname="qenv_constructor" name="constructor_returns_qenv_if_nothing_is_specified"/>
    <testcase time="0.00600000000000001" classname="qenv_constructor" name="parent_of_qenv_environment_is_the_parent_of_.GlobalEnv"/>
    <testcase time="0.00100000000000011" classname="qenv_constructor" name="parent_of_qenv_environment_is_the_parent_of_.GlobalEnv"/>
    <testcase time="0.00099999999999989" classname="qenv_constructor" name="parent_of_qenv_environment_is_the_parent_of_.GlobalEnv"/>
    <testcase time="0.00500000000000012" classname="qenv_constructor" name="provided_environment_is_copied_so_the_change_of_the_environment_won_t_affect_qenv"/>
    <testcase time="0.0479999999999998" classname="qenv_constructor" name="new_qenv_fails_if_code_is_provided_but_not_environment"/>
    <testcase time="0.00600000000000001" classname="qenv_constructor" name="new_qenv_works_with_code_being_character"/>
    <testcase time="0.00100000000000011" classname="qenv_constructor" name="new_qenv_works_with_code_being_character"/>
    <testcase time="0.00499999999999989" classname="qenv_constructor" name="new_qenv_works_with_code_being_character"/>
    <testcase time="0.00500000000000012" classname="qenv_constructor" name="new_qenv_works_with_code_being_expression"/>
    <testcase time="0.00099999999999989" classname="qenv_constructor" name="new_qenv_works_with_code_being_expression"/>
    <testcase time="0.004" classname="qenv_constructor" name="new_qenv_works_with_code_being_expression"/>
    <testcase time="0.004" classname="qenv_constructor" name="new_qenv_works_with_code_being_quoted_expression"/>
    <testcase time="0.00099999999999989" classname="qenv_constructor" name="new_qenv_works_with_code_being_quoted_expression"/>
    <testcase time="0.00300000000000011" classname="qenv_constructor" name="new_qenv_works_with_code_being_quoted_expression"/>
    <testcase time="0.00900000000000012" classname="qenv_constructor" name="new_qenv_works_with_code_being_length_1"/>
    <testcase time="0.00099999999999989" classname="qenv_constructor" name="new_qenv_works_with_code_being_length_1"/>
    <testcase time="0.0110000000000001" classname="qenv_constructor" name="new_qenv_allows_to_pass_irreproducible_env_and_code"/>
    <testcase time="0.00499999999999989" classname="qenv_constructor" name="Initializing_qenv_with_code_only_creates_corresponding_warnings_and_messages_slots"/>
    <testcase time="0.00100000000000011" classname="qenv_constructor" name="Initializing_qenv_with_code_only_creates_corresponding_warnings_and_messages_slots"/>
  </testsuite>
  <testsuite name="qenv_eval_code" timestamp="2023-07-25T11:11:55Z" hostname="90d443433f5e" tests="27" skipped="0" failures="0" errors="0" time="0.257">
    <testcase time="0.0209999999999999" classname="qenv_eval_code" name="eval_code_evaluates_the_code_in_the_qenvs_environment"/>
    <testcase time="0.0310000000000001" classname="qenv_eval_code" name="eval_code_doesn_t_have_access_to_environment_where_it_s_called"/>
    <testcase time="0.00499999999999989" classname="qenv_eval_code" name="_env_in_qenv_is_always_a_sibling_of_.GlobalEnv"/>
    <testcase time="0.00100000000000011" classname="qenv_eval_code" name="_env_in_qenv_is_always_a_sibling_of_.GlobalEnv"/>
    <testcase time="0.00100000000000011" classname="qenv_eval_code" name="_env_in_qenv_is_always_a_sibling_of_.GlobalEnv"/>
    <testcase time="0.0109999999999999" classname="qenv_eval_code" name="library_have_to_be_called_separately_before_using_function_from_package"/>
    <testcase time="0.0469999999999999" classname="qenv_eval_code" name="library_have_to_be_called_separately_before_using_function_from_package"/>
    <testcase time="0.00500000000000012" classname="qenv_eval_code" name="eval_code_works_with_character"/>
    <testcase time="0.002" classname="qenv_eval_code" name="eval_code_works_with_character"/>
    <testcase time="0.00499999999999989" classname="qenv_eval_code" name="eval_code_works_with_expression"/>
    <testcase time="0.00100000000000011" classname="qenv_eval_code" name="eval_code_works_with_expression"/>
    <testcase time="0.00499999999999989" classname="qenv_eval_code" name="eval_code_works_with_quoted"/>
    <testcase time="0.002" classname="qenv_eval_code" name="eval_code_works_with_quoted"/>
    <testcase time="0.00600000000000001" classname="qenv_eval_code" name="eval_code_works_with_quoted_code_block"/>
    <testcase time="0.00100000000000011" classname="qenv_eval_code" name="eval_code_works_with_quoted_code_block"/>
    <testcase time="0.0109999999999999" classname="qenv_eval_code" name="eval_code_fails_with_unquoted_expression"/>
    <testcase time="0.0369999999999999" classname="qenv_eval_code" name="an_error_when_calling_eval_code_returns_a_qenv.error_object_which_has_message_and_trace"/>
    <testcase time="0.002" classname="qenv_eval_code" name="an_error_when_calling_eval_code_returns_a_qenv.error_object_which_has_message_and_trace"/>
    <testcase time="0.00100000000000011" classname="qenv_eval_code" name="an_error_when_calling_eval_code_returns_a_qenv.error_object_which_has_message_and_trace"/>
    <testcase time="0.0409999999999999" classname="qenv_eval_code" name="a_warning_when_calling_eval_code_returns_a_qenv_object_which_has_warnings"/>
    <testcase time="0.00100000000000011" classname="qenv_eval_code" name="a_warning_when_calling_eval_code_returns_a_qenv_object_which_has_warnings"/>
    <testcase time="0.00600000000000001" classname="qenv_eval_code" name="eval_code_with_a_vector_of_code_produces_one_warning_element_per_code_element"/>
    <testcase time="0.00600000000000001" classname="qenv_eval_code" name="a_message_when_calling_eval_code_returns_a_qenv_object_which_has_messages"/>
    <testcase time="0.00099999999999989" classname="qenv_eval_code" name="a_message_when_calling_eval_code_returns_a_qenv_object_which_has_messages"/>
    <testcase time="0.00500000000000012" classname="qenv_eval_code" name="eval_code_returns_a_qenv_object_with_empty_messages_and_warnings_when_none_are_returned"/>
    <testcase time="0.00099999999999989" classname="qenv_eval_code" name="eval_code_returns_a_qenv_object_with_empty_messages_and_warnings_when_none_are_returned"/>
    <testcase time="0.00100000000000011" classname="qenv_eval_code" name="eval_code_returns_a_qenv_object_with_empty_messages_and_warnings_when_none_are_returned"/>
  </testsuite>
  <testsuite name="qenv_get_code" timestamp="2023-07-25T11:11:55Z" hostname="90d443433f5e" tests="5" skipped="0" failures="0" errors="0" time="0.124">
    <testcase time="0.038" classname="qenv_get_code" name="get_code_returns_code_character_by_default_of_qenv_object"/>
    <testcase time="0.034" classname="qenv_get_code" name="get_code_returns_code_elements_being_code_blocks_as_character_1_"/>
    <testcase time="0.00499999999999989" classname="qenv_get_code" name="get_code_returns_code_unparsed_of_qenv_object_if_deparse_FALSE"/>
    <testcase time="0.046" classname="qenv_get_code" name="get_code_called_with_qenv.error_returns_error_with_trace_in_error_message"/>
    <testcase time="0.00100000000000011" classname="qenv_get_code" name="get_code_called_with_qenv.error_returns_error_with_trace_in_error_message"/>
  </testsuite>
  <testsuite name="qenv_get_var" timestamp="2023-07-25T11:11:55Z" hostname="90d443433f5e" tests="8" skipped="0" failures="0" errors="0" time="0.093">
    <testcase time="0.0389999999999999" classname="qenv_get_var" name="get_var_and_return_error_if_object_is_qenv.error"/>
    <testcase time="0.0309999999999999" classname="qenv_get_var" name="get_var_and_return_error_if_object_is_qenv.error"/>
    <testcase time="0.00600000000000001" classname="qenv_get_var" name="get_var_and_return_object_from_qenv_environment"/>
    <testcase time="0.002" classname="qenv_get_var" name="get_var_and_return_object_from_qenv_environment"/>
    <testcase time="0.00700000000000012" classname="qenv_get_var" name="get_var_and_return_NULL_if_object_not_in_qenv_environment"/>
    <testcase time="0.002" classname="qenv_get_var" name="get_var_and_return_NULL_if_object_not_in_qenv_environment"/>
    <testcase time="0.004" classname="qenv_get_var" name="get_var_and_return_NULL_if_object_not_in_qenv_environment"/>
    <testcase time="0.002" classname="qenv_get_var" name="get_var_and_return_NULL_if_object_not_in_qenv_environment"/>
  </testsuite>
  <testsuite name="qenv_get_warnings" timestamp="2023-07-25T11:11:55Z" hostname="90d443433f5e" tests="7" skipped="0" failures="0" errors="0" time="0.203">
    <testcase time="0.042" classname="qenv_get_warnings" name="get_warnings_accepts_a_qenv_object_and_returns_character"/>
    <testcase time="0.0309999999999999" classname="qenv_get_warnings" name="get_warnings_accepts_a_qenv.error_object_and_returns_NULL"/>
    <testcase time="0.00700000000000012" classname="qenv_get_warnings" name="get_warnings_accepts_a_NULL_object_and_returns_NULL"/>
    <testcase time="0.0069999999999999" classname="qenv_get_warnings" name="get_warnings_accepts_a_qenv_object_with_no_warning_and_returns_NULL"/>
    <testcase time="0.0740000000000001" classname="qenv_get_warnings" name="get_warnings_accepts_a_qenv_object_with_2_warnings"/>
    <testcase time="0.0169999999999999" classname="qenv_get_warnings" name="get_warnings_accepts_a_qenv_object_with_a_single_eval_code_returning_2_warnings"/>
    <testcase time="0.0250000000000001" classname="qenv_get_warnings" name="get_warnings_accepts_a_qenv_object_with_1_warning_eval_code_and_1_no_warning_eval_code"/>
  </testsuite>
  <testsuite name="qenv_join" timestamp="2023-07-25T11:11:56Z" hostname="90d443433f5e" tests="40" skipped="0" failures="0" errors="0" time="0.177">
    <testcase time="0.016" classname="qenv_join" name="Joining_two_identical_qenvs_outputs_the_same_object"/>
    <testcase time="0.002" classname="qenv_join" name="Joining_two_identical_qenvs_outputs_the_same_object"/>
    <testcase time="0.00099999999999989" classname="qenv_join" name="Joining_two_identical_qenvs_outputs_the_same_object"/>
    <testcase time="0.00100000000000011" classname="qenv_join" name="Joining_two_identical_qenvs_outputs_the_same_object"/>
    <testcase time="0.00799999999999979" classname="qenv_join" name="Joining_two_independent_qenvs_results_in_object_having_combined_code_and_environments"/>
    <testcase time="0.00100000000000011" classname="qenv_join" name="Joining_two_independent_qenvs_results_in_object_having_combined_code_and_environments"/>
    <testcase time="0.002" classname="qenv_join" name="Joining_two_independent_qenvs_results_in_object_having_combined_code_and_environments"/>
    <testcase time="0.00099999999999989" classname="qenv_join" name="Joining_two_independent_qenvs_results_in_object_having_combined_code_and_environments"/>
    <testcase time="0.00800000000000001" classname="qenv_join" name="Joined_qenv_does_not_duplicate_common_code"/>
    <testcase time="0.00100000000000011" classname="qenv_join" name="Joined_qenv_does_not_duplicate_common_code"/>
    <testcase time="0.00099999999999989" classname="qenv_join" name="Joined_qenv_does_not_duplicate_common_code"/>
    <testcase time="0.00600000000000001" classname="qenv_join" name="Not_able_to_join_two_qenvs_if_any_of_the_shared_objects_changed"/>
    <testcase time="0.00600000000000001" classname="qenv_join" name="Not_able_to_join_two_qenvs_if_any_of_the_shared_objects_changed"/>
    <testcase time="0.00800000000000001" classname="qenv_join" name="join_does_not_duplicate_code_but_adds_only_extra_code"/>
    <testcase time="0.00100000000000011" classname="qenv_join" name="join_does_not_duplicate_code_but_adds_only_extra_code"/>
    <testcase time="0.00299999999999989" classname="qenv_join" name="join_does_not_duplicate_code_but_adds_only_extra_code"/>
    <testcase time="0.00500000000000012" classname="qenv_join" name="join_does_not_duplicate_code_but_adds_only_extra_code"/>
    <testcase time="0.01" classname="qenv_join" name="Not_possible_to_join_qenvs_which_share_some_code_when_one_of_the_shared_object_was_modified"/>
    <testcase time="0.00800000000000001" classname="qenv_join" name="qenv_objects_are_mergeable_if_they_don_t_share_any_code_identified_by_id_"/>
    <testcase time="0.00099999999999989" classname="qenv_join" name="qenv_objects_are_mergeable_if_they_don_t_share_any_code_identified_by_id_"/>
    <testcase time="0.002" classname="qenv_join" name="qenv_objects_are_mergeable_if_they_don_t_share_any_code_identified_by_id_"/>
    <testcase time="0.00100000000000011" classname="qenv_join" name="qenv_objects_are_mergeable_if_they_don_t_share_any_code_identified_by_id_"/>
    <testcase time="0.00099999999999989" classname="qenv_join" name="qenv_objects_are_mergeable_if_they_don_t_share_any_code_identified_by_id_"/>
    <testcase time="0.00800000000000001" classname="qenv_join" name="qenv_objects_are_mergeable_if_they_share_common_initial_qenv_elements"/>
    <testcase time="0.00100000000000011" classname="qenv_join" name="qenv_objects_are_mergeable_if_they_share_common_initial_qenv_elements"/>
    <testcase time="0.00199999999999978" classname="qenv_join" name="qenv_objects_are_mergeable_if_they_share_common_initial_qenv_elements"/>
    <testcase time="0.00100000000000033" classname="qenv_join" name="qenv_objects_are_mergeable_if_they_share_common_initial_qenv_elements"/>
    <testcase time="0.00099999999999989" classname="qenv_join" name="qenv_objects_are_mergeable_if_they_share_common_initial_qenv_elements"/>
    <testcase time="0.00599999999999978" classname="qenv_join" name="qenv_objects_aren_t_mergeable_if_they_share_common_qenv_elements_proceeded_with_some_other_code"/>
    <testcase time="0.00600000000000023" classname="qenv_join" name="qenv_objects_aren_t_mergeable_if_they_share_common_qenv_elements_proceeded_with_some_other_code"/>
    <testcase time="0.0089999999999999" classname="qenv_join" name="qenv_objects_are_not_mergable_if_they_have_multiple_common_streaks"/>
    <testcase time="0.00600000000000023" classname="qenv_join" name="qenv_objects_are_not_mergable_if_they_have_multiple_common_streaks"/>
    <testcase time="0.0179999999999998" classname="qenv_join" name="joining_with_a_qenv.error_object_returns_the_qenv.error_object"/>
    <testcase time="0.00099999999999989" classname="qenv_join" name="joining_with_a_qenv.error_object_returns_the_qenv.error_object"/>
    <testcase time="0.00200000000000022" classname="qenv_join" name="joining_with_a_qenv.error_object_returns_the_qenv.error_object"/>
    <testcase time="0.00199999999999978" classname="qenv_join" name="joining_with_a_qenv.error_object_returns_the_qenv.error_object"/>
    <testcase time="0.00800000000000001" classname="qenv_join" name="Joining_two_independent_qenvs_with_warnings_results_in_object_having_combined_warnings"/>
    <testcase time="0.00200000000000022" classname="qenv_join" name="Joining_two_independent_qenvs_with_warnings_results_in_object_having_combined_warnings"/>
    <testcase time="0.00800000000000001" classname="qenv_join" name="Joining_two_independent_qenvs_with_messages_results_in_object_having_combined_messages"/>
    <testcase time="0.00199999999999978" classname="qenv_join" name="Joining_two_independent_qenvs_with_messages_results_in_object_having_combined_messages"/>
  </testsuite>
  <testsuite name="utils" timestamp="2023-07-25T11:11:56Z" hostname="90d443433f5e" tests="18" skipped="0" failures="0" errors="0" time="0.093">
    <testcase time="0.016" classname="utils" name="remove_enclosing_curly_braces_errors_if_argument_is_not_character"/>
    <testcase time="0.004" classname="utils" name="remove_enclosing_curly_braces_returns_argument_if_it_has_length_0"/>
    <testcase time="0.00499999999999989" classname="utils" name="remove_enclosing_curly_braces_only_splits_string_on_if_no_enclosing_curly_brackets"/>
    <testcase time="0.00100000000000033" classname="utils" name="remove_enclosing_curly_braces_only_splits_string_on_if_no_enclosing_curly_brackets"/>
    <testcase time="0.00099999999999989" classname="utils" name="remove_enclosing_curly_braces_only_splits_string_on_if_no_enclosing_curly_brackets"/>
    <testcase time="0.00099999999999989" classname="utils" name="remove_enclosing_curly_braces_only_splits_string_on_if_no_enclosing_curly_brackets"/>
    <testcase time="0.00499999999999989" classname="utils" name="remove_enclosing_curly_braces_removes_enclosing_curly_brackets"/>
    <testcase time="0.00100000000000033" classname="utils" name="remove_enclosing_curly_braces_removes_enclosing_curly_brackets"/>
    <testcase time="0.00199999999999978" classname="utils" name="remove_enclosing_curly_braces_removes_enclosing_curly_brackets"/>
    <testcase time="0.00099999999999989" classname="utils" name="remove_enclosing_curly_braces_removes_enclosing_curly_brackets"/>
    <testcase time="0.004" classname="utils" name="remove_enclosing_curly_braces_concatenates_input_character_vector"/>
    <testcase time="0.00200000000000022" classname="utils" name="remove_enclosing_curly_braces_concatenates_input_character_vector"/>
    <testcase time="0.00099999999999989" classname="utils" name="remove_enclosing_curly_braces_concatenates_input_character_vector"/>
    <testcase time="0.00499999999999989" classname="utils" name="remove_enclosing_curly_braces_containing_enclosing_brackets_and_only_blank_lines_returns_blank_lines"/>
    <testcase time="0.00100000000000033" classname="utils" name="remove_enclosing_curly_braces_containing_enclosing_brackets_and_only_blank_lines_returns_blank_lines"/>
    <testcase time="0.004" classname="utils" name="remove_enclosing_curly_braces_removes_4_spaces_from_lines_enclosed_by_brackets_if_they_exist"/>
    <testcase time="0.00199999999999978" classname="utils" name="remove_enclosing_curly_braces_removes_4_spaces_from_lines_enclosed_by_brackets_if_they_exist"/>
    <testcase time="0.0369999999999999" classname="utils" name="format_expression_concatenates_results_of_remove_enclosing_curly_braces"/>
  </testsuite>
</testsuites>
