<?xml version="1.0" encoding="UTF-8"?>
<testsuites>
  <testsuite name="code_dependency" timestamp="2023-10-09T12:42:41Z" hostname="fc41df3faf28" tests="31" skipped="0" failures="0" errors="0" time="0.475">
    <testcase time="0.0279999999999999" classname="code_dependency" name="get_code_dependency_extract_code_of_a_binding_from_a_simple_code_put_in_a_character"/>
    <testcase time="0.03" classname="code_dependency" name="get_code_dependency_extract_code_of_a_binding_from_a_simple_code_put_in_a_character"/>
    <testcase time="0.0650000000000001" classname="code_dependency" name="get_code_dependency_warns_if_binding_doesn_t_exist_in_a_code"/>
    <testcase time="0.01" classname="code_dependency" name="get_code_dependency_extracts_code_of_a_parent_binding_but_only_those_evaluated_before_coocurence"/>
    <testcase time="0.0109999999999999" classname="code_dependency" name="get_code_dependency_extracts_code_of_a_parent_binding_if_used_as_an_arg_in_fun_call"/>
    <testcase time="0.01" classname="code_dependency" name="get_code_dependency_is_possible_to_output_the_code_for_multiple_objects"/>
    <testcase time="0.012" classname="code_dependency" name="get_code_dependency_can_t_extract_the_code_when_no_assign_operator"/>
    <testcase time="0.0110000000000001" classname="code_dependency" name="_linksto_tag_indicate_affected_object_if_object_is_assigned_anywhere_in_a_code"/>
    <testcase time="0.012" classname="code_dependency" name="get_code_dependency_can_extract_the_code_when_function_creates_an_object_which_is_used_only_on_rhs"/>
    <testcase time="0.0109999999999999" classname="code_dependency" name="get_code_dependency_can_extract_the_code_when_using_"/>
    <testcase time="0.012" classname="code_dependency" name="get_code_dependency_detects_every_assign_calls_even_if_not_evaluated"/>
    <testcase time="0.0089999999999999" classname="code_dependency" name="_linksto_cause_to_return_this_line_for_affected_binding"/>
    <testcase time="0.00900000000000012" classname="code_dependency" name="_linksto_returns_this_line_for_affected_binding_even_if_object_is_not_specificed_created_in_the_same_eval_code"/>
    <testcase time="0.0089999999999999" classname="code_dependency" name="_linksto_returns_this_line_for_affected_binding_if_object_is_not_specificed_in_the_same_element_of_code"/>
    <testcase time="0.0130000000000001" classname="code_dependency" name="lines_affecting_parent_evaluated_after_co_occurrence_are_not_included_in_get_code_dependency_output"/>
    <testcase time="0.012" classname="code_dependency" name="lines_affecting_parent_evaluated_after_co_occurrence_are_not_included_in_get_code_dependency_output_when_using_linksto"/>
    <testcase time="0.0089999999999999" classname="code_dependency" name="lines_affecting_parent_evaluated_after_co_occurrence_are_not_included_in_get_code_dependency_output_when_using_linksto"/>
    <testcase time="0.016" classname="code_dependency" name="_linksto_gets_extracted_if_it_s_a_side_effect_on_a_dependent_object"/>
    <testcase time="0.0210000000000001" classname="code_dependency" name="_linksto_gets_extracted_if_it_s_a_side_effect_on_a_dependent_object_of_a_dependent_object"/>
    <testcase time="0.014" classname="code_dependency" name="get_code_dependency_ignores_occurrence_in_function_definition"/>
    <testcase time="0.0069999999999999" classname="code_dependency" name="get_code_dependency_ignores_occurrence_in_function_definition"/>
    <testcase time="0.0089999999999999" classname="code_dependency" name="get_code_dependency_ignores_occurrence_in_function_definition_without_curly_brackets"/>
    <testcase time="0.00700000000000012" classname="code_dependency" name="get_code_dependency_ignores_occurrence_in_function_definition_without_curly_brackets"/>
    <testcase time="0.01" classname="code_dependency" name="get_code_dependency_ignores_effect_of_the_object_which_occurs_in_a_function_definition"/>
    <testcase time="0.014" classname="code_dependency" name="get_code_dependency_detects_occurrence_of_the_function_object"/>
    <testcase time="0.014" classname="code_dependency" name="Can_t_detect_occurrence_of_function_definition_when_a_formal_is_named_the_same_as_a_function"/>
    <testcase time="0.0169999999999999" classname="code_dependency" name="get_code_dependency_understands_usage_and_do_not_treat_rhs_of_as_objects_only_lhs_"/>
    <testcase time="0.014" classname="code_dependency" name="get_code_dependency_understands_usage_and_do_not_treat_rhs_of_as_objects_only_lhs_"/>
    <testcase time="0.0110000000000001" classname="code_dependency" name="get_code_dependency_detects_cooccurrence_properly_even_if_all_objects_are_on_rhs"/>
    <testcase time="0.0269999999999999" classname="code_dependency" name="get_code_dependency_understands_usage_and_do_not_treat_rhs_of_as_objects_only_lhs_"/>
    <testcase time="0.0209999999999999" classname="code_dependency" name="get_code_dependency_understands_usage_and_do_not_treat_rhs_of_as_objects_only_lhs_"/>
  </testsuite>
  <testsuite name="qenv-within" timestamp="2023-10-09T12:42:42Z" hostname="fc41df3faf28" tests="13" skipped="0" failures="0" errors="0" time="0.108">
    <testcase time="0.02" classname="qenv_within" name="simple_and_compound_expressions_are_evaluated"/>
    <testcase time="0.002" classname="qenv_within" name="simple_and_compound_expressions_are_evaluated"/>
    <testcase time="0.0390000000000001" classname="qenv_within" name="styling_of_input_code_does_not_impact_evaluation_results"/>
    <testcase time="0.00299999999999989" classname="qenv_within" name="styling_of_input_code_does_not_impact_evaluation_results"/>
    <testcase time="0.00600000000000001" classname="qenv_within" name="within.qenv_renturns_a_qenv_where_env_is_a_deep_copy_of_that_in_data_"/>
    <testcase time="0.004" classname="qenv_within" name="within.qenv_renturns_a_qenv_where_env_is_a_deep_copy_of_that_in_data_"/>
    <testcase time="0.00800000000000001" classname="qenv_within" name="within.qenv_renturns_qenv.error_even_if_evaluation_raises_error"/>
    <testcase time="0.00099999999999989" classname="qenv_within" name="within.qenv_renturns_qenv.error_even_if_evaluation_raises_error"/>
    <testcase time="0.00600000000000001" classname="qenv_within" name="external_values_can_be_injected_into_expressions_through_..._"/>
    <testcase time="0.00500000000000012" classname="qenv_within" name="external_values_are_not_taken_from_calling_frame"/>
    <testcase time="0.01" classname="qenv_within" name="external_values_are_not_taken_from_calling_frame"/>
    <testcase time="0.002" classname="qenv_within" name="external_values_are_not_taken_from_calling_frame"/>
    <testcase time="0.00199999999999978" classname="qenv_within" name="external_values_are_not_taken_from_calling_frame"/>
  </testsuite>
  <testsuite name="qenv_concat" timestamp="2023-10-09T12:42:42Z" hostname="fc41df3faf28" tests="12" skipped="0" failures="0" errors="0" time="0.064">
    <testcase time="0.022" classname="qenv_concat" name="Concatenate_two_identical_qenvs_outputs"/>
    <testcase time="0.002" classname="qenv_concat" name="Concatenate_two_identical_qenvs_outputs"/>
    <testcase time="0.00600000000000001" classname="qenv_concat" name="Concatenate_two_independent_qenvs_results_in_object_having_combined_code_and_environments"/>
    <testcase time="0.00100000000000011" classname="qenv_concat" name="Concatenate_two_independent_qenvs_results_in_object_having_combined_code_and_environments"/>
    <testcase time="0.00099999999999989" classname="qenv_concat" name="Concatenate_two_independent_qenvs_results_in_object_having_combined_code_and_environments"/>
    <testcase time="0.00800000000000001" classname="qenv_concat" name="Concatenate_qenvs_results_with_the_same_variable_the_RHS_has_priority"/>
    <testcase time="0.00600000000000001" classname="qenv_concat" name="Concatenate_with_a_qenv.error_object_returns_the_qenv.error_object"/>
    <testcase time="0.002" classname="qenv_concat" name="Concatenate_with_a_qenv.error_object_returns_the_qenv.error_object"/>
    <testcase time="0.00100000000000011" classname="qenv_concat" name="Concatenate_with_a_qenv.error_object_returns_the_qenv.error_object"/>
    <testcase time="0.00299999999999989" classname="qenv_concat" name="Concatenate_with_a_qenv.error_object_returns_the_qenv.error_object"/>
    <testcase time="0.00600000000000001" classname="qenv_concat" name="Concatenate_two_independent_qenvs_with_warnings_results_in_object_having_combined_warnings"/>
    <testcase time="0.00600000000000001" classname="qenv_concat" name="Concatenate_two_independent_qenvs_with_messages_results_in_object_having_combined_messages"/>
  </testsuite>
  <testsuite name="qenv_constructor" timestamp="2023-10-09T12:42:42Z" hostname="fc41df3faf28" tests="25" skipped="0" failures="0" errors="0" time="0.13">
    <testcase time="0.00700000000000012" classname="qenv_constructor" name="constructor_returns_qenv_if_nothing_is_specified"/>
    <testcase time="0.002" classname="qenv_constructor" name="constructor_returns_qenv_if_nothing_is_specified"/>
    <testcase time="0.00099999999999989" classname="qenv_constructor" name="constructor_returns_qenv_if_nothing_is_specified"/>
    <testcase time="0.002" classname="qenv_constructor" name="constructor_returns_qenv_if_nothing_is_specified"/>
    <testcase time="0.00100000000000011" classname="qenv_constructor" name="constructor_returns_qenv_if_nothing_is_specified"/>
    <testcase time="0.002" classname="qenv_constructor" name="constructor_returns_qenv_if_nothing_is_specified"/>
    <testcase time="0.00800000000000001" classname="qenv_constructor" name="parent_of_qenv_environment_is_the_parent_of_.GlobalEnv"/>
    <testcase time="0.002" classname="qenv_constructor" name="parent_of_qenv_environment_is_the_parent_of_.GlobalEnv"/>
    <testcase time="0.00099999999999989" classname="qenv_constructor" name="parent_of_qenv_environment_is_the_parent_of_.GlobalEnv"/>
    <testcase time="0.00500000000000012" classname="qenv_constructor" name="provided_environment_is_copied_so_the_change_of_the_environment_won_t_affect_qenv"/>
    <testcase time="0.0399999999999998" classname="qenv_constructor" name="new_qenv_fails_if_code_is_provided_but_not_environment"/>
    <testcase time="0.00499999999999989" classname="qenv_constructor" name="new_qenv_works_with_code_being_character"/>
    <testcase time="0.00100000000000011" classname="qenv_constructor" name="new_qenv_works_with_code_being_character"/>
    <testcase time="0.004" classname="qenv_constructor" name="new_qenv_works_with_code_being_character"/>
    <testcase time="0.00499999999999989" classname="qenv_constructor" name="new_qenv_works_with_code_being_expression"/>
    <testcase time="0.002" classname="qenv_constructor" name="new_qenv_works_with_code_being_expression"/>
    <testcase time="0.00700000000000012" classname="qenv_constructor" name="new_qenv_works_with_code_being_expression"/>
    <testcase time="0.00600000000000001" classname="qenv_constructor" name="new_qenv_works_with_code_being_quoted_expression"/>
    <testcase time="0.00099999999999989" classname="qenv_constructor" name="new_qenv_works_with_code_being_quoted_expression"/>
    <testcase time="0.004" classname="qenv_constructor" name="new_qenv_works_with_code_being_quoted_expression"/>
    <testcase time="0.00500000000000012" classname="qenv_constructor" name="new_qenv_works_with_code_being_length_1"/>
    <testcase time="0.002" classname="qenv_constructor" name="new_qenv_works_with_code_being_length_1"/>
    <testcase time="0.01" classname="qenv_constructor" name="new_qenv_allows_to_pass_irreproducible_env_and_code"/>
    <testcase time="0.00499999999999989" classname="qenv_constructor" name="Initializing_qenv_with_code_only_creates_corresponding_warnings_and_messages_slots"/>
    <testcase time="0.002" classname="qenv_constructor" name="Initializing_qenv_with_code_only_creates_corresponding_warnings_and_messages_slots"/>
  </testsuite>
  <testsuite name="qenv_eval_code" timestamp="2023-10-09T12:42:42Z" hostname="fc41df3faf28" tests="27" skipped="0" failures="0" errors="0" time="0.151">
    <testcase time="0.00800000000000001" classname="qenv_eval_code" name="eval_code_evaluates_the_code_in_the_qenvs_environment"/>
    <testcase time="0.00500000000000012" classname="qenv_eval_code" name="eval_code_doesn_t_have_access_to_environment_where_it_s_called"/>
    <testcase time="0.00499999999999989" classname="qenv_eval_code" name="_env_in_qenv_is_always_a_sibling_of_.GlobalEnv"/>
    <testcase time="0.002" classname="qenv_eval_code" name="_env_in_qenv_is_always_a_sibling_of_.GlobalEnv"/>
    <testcase time="0.002" classname="qenv_eval_code" name="_env_in_qenv_is_always_a_sibling_of_.GlobalEnv"/>
    <testcase time="0.0330000000000001" classname="qenv_eval_code" name="library_have_to_be_called_separately_before_using_function_from_package"/>
    <testcase time="0.0139999999999998" classname="qenv_eval_code" name="library_have_to_be_called_separately_before_using_function_from_package"/>
    <testcase time="0.00500000000000012" classname="qenv_eval_code" name="eval_code_works_with_character"/>
    <testcase time="0.002" classname="qenv_eval_code" name="eval_code_works_with_character"/>
    <testcase time="0.00499999999999989" classname="qenv_eval_code" name="eval_code_works_with_expression"/>
    <testcase time="0.002" classname="qenv_eval_code" name="eval_code_works_with_expression"/>
    <testcase time="0.00500000000000012" classname="qenv_eval_code" name="eval_code_works_with_quoted"/>
    <testcase time="0.00099999999999989" classname="qenv_eval_code" name="eval_code_works_with_quoted"/>
    <testcase time="0.00600000000000001" classname="qenv_eval_code" name="eval_code_works_with_quoted_code_block"/>
    <testcase time="0.002" classname="qenv_eval_code" name="eval_code_works_with_quoted_code_block"/>
    <testcase time="0.01" classname="qenv_eval_code" name="eval_code_fails_with_unquoted_expression"/>
    <testcase time="0.00600000000000001" classname="qenv_eval_code" name="an_error_when_calling_eval_code_returns_a_qenv.error_object_which_has_message_and_trace"/>
    <testcase time="0.00100000000000011" classname="qenv_eval_code" name="an_error_when_calling_eval_code_returns_a_qenv.error_object_which_has_message_and_trace"/>
    <testcase time="0.002" classname="qenv_eval_code" name="an_error_when_calling_eval_code_returns_a_qenv.error_object_which_has_message_and_trace"/>
    <testcase time="0.0129999999999999" classname="qenv_eval_code" name="a_warning_when_calling_eval_code_returns_a_qenv_object_which_has_warnings"/>
    <testcase time="0.002" classname="qenv_eval_code" name="a_warning_when_calling_eval_code_returns_a_qenv_object_which_has_warnings"/>
    <testcase time="0.00500000000000012" classname="qenv_eval_code" name="eval_code_with_a_vector_of_code_produces_one_warning_element_per_code_element"/>
    <testcase time="0.00600000000000001" classname="qenv_eval_code" name="a_message_when_calling_eval_code_returns_a_qenv_object_which_has_messages"/>
    <testcase time="0.00099999999999989" classname="qenv_eval_code" name="a_message_when_calling_eval_code_returns_a_qenv_object_which_has_messages"/>
    <testcase time="0.00500000000000012" classname="qenv_eval_code" name="eval_code_returns_a_qenv_object_with_empty_messages_and_warnings_when_none_are_returned"/>
    <testcase time="0.002" classname="qenv_eval_code" name="eval_code_returns_a_qenv_object_with_empty_messages_and_warnings_when_none_are_returned"/>
    <testcase time="0.00099999999999989" classname="qenv_eval_code" name="eval_code_returns_a_qenv_object_with_empty_messages_and_warnings_when_none_are_returned"/>
  </testsuite>
  <testsuite name="qenv_get_code" timestamp="2023-10-09T12:42:42Z" hostname="fc41df3faf28" tests="5" skipped="0" failures="0" errors="0" time="0.027">
    <testcase time="0.00900000000000012" classname="qenv_get_code" name="get_code_returns_code_character_by_default_of_qenv_object"/>
    <testcase time="0.00600000000000001" classname="qenv_get_code" name="get_code_returns_code_elements_being_code_blocks_as_character_1_"/>
    <testcase time="0.00600000000000001" classname="qenv_get_code" name="get_code_returns_expression_of_qenv_object_if_deparse_FALSE"/>
    <testcase time="0.00499999999999989" classname="qenv_get_code" name="get_code_called_with_qenv.error_returns_error_with_trace_in_error_message"/>
    <testcase time="0.00099999999999989" classname="qenv_get_code" name="get_code_called_with_qenv.error_returns_error_with_trace_in_error_message"/>
  </testsuite>
  <testsuite name="qenv_get_var" timestamp="2023-10-09T12:42:42Z" hostname="fc41df3faf28" tests="8" skipped="0" failures="0" errors="0" time="0.047">
    <testcase time="0.0129999999999999" classname="qenv_get_var" name="get_var_and_return_error_if_object_is_qenv.error"/>
    <testcase time="0.00900000000000012" classname="qenv_get_var" name="get_var_and_return_error_if_object_is_qenv.error"/>
    <testcase time="0.00600000000000001" classname="qenv_get_var" name="get_var_and_return_object_from_qenv_environment"/>
    <testcase time="0.002" classname="qenv_get_var" name="get_var_and_return_object_from_qenv_environment"/>
    <testcase time="0.00800000000000001" classname="qenv_get_var" name="get_var_and_return_NULL_if_object_not_in_qenv_environment"/>
    <testcase time="0.002" classname="qenv_get_var" name="get_var_and_return_NULL_if_object_not_in_qenv_environment"/>
    <testcase time="0.004" classname="qenv_get_var" name="get_var_and_return_NULL_if_object_not_in_qenv_environment"/>
    <testcase time="0.00299999999999989" classname="qenv_get_var" name="get_var_and_return_NULL_if_object_not_in_qenv_environment"/>
  </testsuite>
  <testsuite name="qenv_get_warnings" timestamp="2023-10-09T12:42:42Z" hostname="fc41df3faf28" tests="7" skipped="0" failures="0" errors="0" time="0.053">
    <testcase time="0.00900000000000012" classname="qenv_get_warnings" name="get_warnings_accepts_a_qenv_object_and_returns_character"/>
    <testcase time="0.00800000000000001" classname="qenv_get_warnings" name="get_warnings_accepts_a_qenv.error_object_and_returns_NULL"/>
    <testcase time="0.0069999999999999" classname="qenv_get_warnings" name="get_warnings_accepts_a_NULL_object_and_returns_NULL"/>
    <testcase time="0.01" classname="qenv_get_warnings" name="get_warnings_accepts_a_qenv_object_with_no_warning_and_returns_NULL"/>
    <testcase time="0.00700000000000012" classname="qenv_get_warnings" name="get_warnings_accepts_a_qenv_object_with_2_warnings"/>
    <testcase time="0.00600000000000001" classname="qenv_get_warnings" name="get_warnings_accepts_a_qenv_object_with_a_single_eval_code_returning_2_warnings"/>
    <testcase time="0.00600000000000001" classname="qenv_get_warnings" name="get_warnings_accepts_a_qenv_object_with_1_warning_eval_code_and_1_no_warning_eval_code"/>
  </testsuite>
  <testsuite name="qenv_join" timestamp="2023-10-09T12:42:42Z" hostname="fc41df3faf28" tests="40" skipped="0" failures="0" errors="0" time="0.174">
    <testcase time="0.0109999999999999" classname="qenv_join" name="Joining_two_identical_qenvs_outputs_the_same_object"/>
    <testcase time="0.002" classname="qenv_join" name="Joining_two_identical_qenvs_outputs_the_same_object"/>
    <testcase time="0.002" classname="qenv_join" name="Joining_two_identical_qenvs_outputs_the_same_object"/>
    <testcase time="0.00100000000000011" classname="qenv_join" name="Joining_two_identical_qenvs_outputs_the_same_object"/>
    <testcase time="0.00800000000000001" classname="qenv_join" name="Joining_two_independent_qenvs_results_in_object_having_combined_code_and_environments"/>
    <testcase time="0.002" classname="qenv_join" name="Joining_two_independent_qenvs_results_in_object_having_combined_code_and_environments"/>
    <testcase time="0.00099999999999989" classname="qenv_join" name="Joining_two_independent_qenvs_results_in_object_having_combined_code_and_environments"/>
    <testcase time="0.002" classname="qenv_join" name="Joining_two_independent_qenvs_results_in_object_having_combined_code_and_environments"/>
    <testcase time="0.00800000000000001" classname="qenv_join" name="Joined_qenv_does_not_duplicate_common_code"/>
    <testcase time="0.00099999999999989" classname="qenv_join" name="Joined_qenv_does_not_duplicate_common_code"/>
    <testcase time="0.002" classname="qenv_join" name="Joined_qenv_does_not_duplicate_common_code"/>
    <testcase time="0.00900000000000012" classname="qenv_join" name="Not_able_to_join_two_qenvs_if_any_of_the_shared_objects_changed"/>
    <testcase time="0.00600000000000001" classname="qenv_join" name="Not_able_to_join_two_qenvs_if_any_of_the_shared_objects_changed"/>
    <testcase time="0.00800000000000001" classname="qenv_join" name="join_does_not_duplicate_code_but_adds_only_extra_code"/>
    <testcase time="0.002" classname="qenv_join" name="join_does_not_duplicate_code_but_adds_only_extra_code"/>
    <testcase time="0.004" classname="qenv_join" name="join_does_not_duplicate_code_but_adds_only_extra_code"/>
    <testcase time="0.00099999999999989" classname="qenv_join" name="join_does_not_duplicate_code_but_adds_only_extra_code"/>
    <testcase time="0.01" classname="qenv_join" name="Not_possible_to_join_qenvs_which_share_some_code_when_one_of_the_shared_object_was_modified"/>
    <testcase time="0.00800000000000001" classname="qenv_join" name="qenv_objects_are_mergeable_if_they_don_t_share_any_code_identified_by_id_"/>
    <testcase time="0.00100000000000011" classname="qenv_join" name="qenv_objects_are_mergeable_if_they_don_t_share_any_code_identified_by_id_"/>
    <testcase time="0.002" classname="qenv_join" name="qenv_objects_are_mergeable_if_they_don_t_share_any_code_identified_by_id_"/>
    <testcase time="0.002" classname="qenv_join" name="qenv_objects_are_mergeable_if_they_don_t_share_any_code_identified_by_id_"/>
    <testcase time="0.00099999999999989" classname="qenv_join" name="qenv_objects_are_mergeable_if_they_don_t_share_any_code_identified_by_id_"/>
    <testcase time="0.00800000000000001" classname="qenv_join" name="qenv_objects_are_mergeable_if_they_share_common_initial_qenv_elements"/>
    <testcase time="0.002" classname="qenv_join" name="qenv_objects_are_mergeable_if_they_share_common_initial_qenv_elements"/>
    <testcase time="0.002" classname="qenv_join" name="qenv_objects_are_mergeable_if_they_share_common_initial_qenv_elements"/>
    <testcase time="0.00500000000000012" classname="qenv_join" name="qenv_objects_are_mergeable_if_they_share_common_initial_qenv_elements"/>
    <testcase time="0.00099999999999989" classname="qenv_join" name="qenv_objects_are_mergeable_if_they_share_common_initial_qenv_elements"/>
    <testcase time="0.0069999999999999" classname="qenv_join" name="qenv_objects_aren_t_mergeable_if_they_share_common_qenv_elements_proceeded_with_some_other_code"/>
    <testcase time="0.00600000000000023" classname="qenv_join" name="qenv_objects_aren_t_mergeable_if_they_share_common_qenv_elements_proceeded_with_some_other_code"/>
    <testcase time="0.00599999999999978" classname="qenv_join" name="qenv_objects_are_not_mergable_if_they_have_multiple_common_streaks"/>
    <testcase time="0.00700000000000012" classname="qenv_join" name="qenv_objects_are_not_mergable_if_they_have_multiple_common_streaks"/>
    <testcase time="0.00600000000000023" classname="qenv_join" name="joining_with_a_qenv.error_object_returns_the_qenv.error_object"/>
    <testcase time="0.00199999999999978" classname="qenv_join" name="joining_with_a_qenv.error_object_returns_the_qenv.error_object"/>
    <testcase time="0.00200000000000022" classname="qenv_join" name="joining_with_a_qenv.error_object_returns_the_qenv.error_object"/>
    <testcase time="0.00199999999999978" classname="qenv_join" name="joining_with_a_qenv.error_object_returns_the_qenv.error_object"/>
    <testcase time="0.00800000000000001" classname="qenv_join" name="Joining_two_independent_qenvs_with_warnings_results_in_object_having_combined_warnings"/>
    <testcase time="0.00200000000000022" classname="qenv_join" name="Joining_two_independent_qenvs_with_warnings_results_in_object_having_combined_warnings"/>
    <testcase time="0.0089999999999999" classname="qenv_join" name="Joining_two_independent_qenvs_with_messages_results_in_object_having_combined_messages"/>
    <testcase time="0.00499999999999989" classname="qenv_join" name="Joining_two_independent_qenvs_with_messages_results_in_object_having_combined_messages"/>
  </testsuite>
  <testsuite name="utils" timestamp="2023-10-09T12:42:43Z" hostname="fc41df3faf28" tests="18" skipped="0" failures="0" errors="0" time="0.068">
    <testcase time="0.00999999999999979" classname="utils" name="dev_suppress_function_supress_printing_plot_on_IDE"/>
    <testcase time="0.00300000000000011" classname="utils" name="dev_suppress_function_supress_printing_plot_on_IDE"/>
    <testcase time="0.00700000000000012" classname="utils" name="lang2calls_returns_list_of_calls_given_a_language_object"/>
    <testcase time="0.004" classname="utils" name="lang2calls_returns_list_of_calls_given_a_language_object"/>
    <testcase time="0.004" classname="utils" name="lang2calls_returns_list_of_calls_given_a_language_object"/>
    <testcase time="0.004" classname="utils" name="lang2calls_returns_list_of_calls_given_a_language_object"/>
    <testcase time="0.00700000000000012" classname="utils" name="lang2calls_returns_list_of_calls_given_a_list_of_language_objects"/>
    <testcase time="0.004" classname="utils" name="lang2calls_returns_list_of_calls_given_a_list_of_language_objects"/>
    <testcase time="0.00499999999999989" classname="utils" name="lang2calls_returns_atomics_and_symbols_wrapped_in_list"/>
    <testcase time="0.00199999999999978" classname="utils" name="lang2calls_returns_atomics_and_symbols_wrapped_in_list"/>
    <testcase time="0.00100000000000033" classname="utils" name="lang2calls_returns_atomics_and_symbols_wrapped_in_list"/>
    <testcase time="0.00199999999999978" classname="utils" name="lang2calls_returns_atomics_and_symbols_wrapped_in_list"/>
    <testcase time="0.004" classname="utils" name="format_expression_turns_expression_calls_or_lists_thereof_into_character_strings_without_curly_brackets"/>
    <testcase time="0.00200000000000022" classname="utils" name="format_expression_turns_expression_calls_or_lists_thereof_into_character_strings_without_curly_brackets"/>
    <testcase time="0.004" classname="utils" name="format_expression_turns_expression_calls_or_lists_thereof_into_character_strings_without_curly_brackets"/>
    <testcase time="0.00199999999999978" classname="utils" name="format_expression_turns_expression_calls_or_lists_thereof_into_character_strings_without_curly_brackets"/>
    <testcase time="0.00200000000000022" classname="utils" name="format_expression_turns_expression_calls_or_lists_thereof_into_character_strings_without_curly_brackets"/>
    <testcase time="0.00099999999999989" classname="utils" name="format_expression_turns_expression_calls_or_lists_thereof_into_character_strings_without_curly_brackets"/>
  </testsuite>
</testsuites>
