<?xml version="1.0" encoding="UTF-8"?>
<testsuites>
  <testsuite name="qenv_concat" timestamp="2024-08-28T14:01:22Z" hostname="723544b08b06" tests="12" skipped="0" failures="0" errors="0" time="0.2">
    <testcase time="0.038" classname="qenv_concat" name="Concatenate_two_identical_qenvs_outputs"/>
    <testcase time="0.057" classname="qenv_concat" name="Concatenate_two_identical_qenvs_outputs"/>
    <testcase time="0.05" classname="qenv_concat" name="Concatenate_two_independent_qenvs_results_in_object_having_combined_code_and_environments"/>
    <testcase time="0.001" classname="qenv_concat" name="Concatenate_two_independent_qenvs_results_in_object_having_combined_code_and_environments"/>
    <testcase time="0.001" classname="qenv_concat" name="Concatenate_two_independent_qenvs_results_in_object_having_combined_code_and_environments"/>
    <testcase time="0.03" classname="qenv_concat" name="Concatenate_qenvs_results_with_the_same_variable_the_RHS_has_priority"/>
    <testcase time="0.005" classname="qenv_concat" name="Concatenate_with_a_qenv.error_object_returns_the_qenv.error_object"/>
    <testcase time="0.001" classname="qenv_concat" name="Concatenate_with_a_qenv.error_object_returns_the_qenv.error_object"/>
    <testcase time="0.002" classname="qenv_concat" name="Concatenate_with_a_qenv.error_object_returns_the_qenv.error_object"/>
    <testcase time="0.002" classname="qenv_concat" name="Concatenate_with_a_qenv.error_object_returns_the_qenv.error_object"/>
    <testcase time="0.00900000000000001" classname="qenv_concat" name="Concatenate_two_independent_qenvs_with_warnings_results_in_object_having_combined_warnings"/>
    <testcase time="0.004" classname="qenv_concat" name="Concatenate_two_independent_qenvs_with_messages_results_in_object_having_combined_messages"/>
  </testsuite>
  <testsuite name="qenv_constructor" timestamp="2024-08-28T14:01:22Z" hostname="723544b08b06" tests="8" skipped="0" failures="0" errors="0" time="0.028">
    <testcase time="0.011" classname="qenv_constructor" name="constructor_returns_qenv"/>
    <testcase time="0.001" classname="qenv_constructor" name="constructor_returns_qenv"/>
    <testcase time="0.001" classname="qenv_constructor" name="constructor_returns_qenv"/>
    <testcase time="0.001" classname="qenv_constructor" name="constructor_returns_qenv"/>
    <testcase time="0.001" classname="qenv_constructor" name="constructor_returns_qenv"/>
    <testcase time="0.001" classname="qenv_constructor" name="constructor_returns_qenv"/>
    <testcase time="0.003" classname="qenv_constructor" name="parent_of_qenv_environment_is_the_parent_of_.GlobalEnv"/>
    <testcase time="0.00900000000000001" classname="qenv_constructor" name="parent_of_qenv_environment_is_locked"/>
  </testsuite>
  <testsuite name="qenv_eval_code" timestamp="2024-08-28T14:01:22Z" hostname="723544b08b06" tests="26" skipped="0" failures="0" errors="0" time="0.137">
    <testcase time="0.015" classname="qenv_eval_code" name="eval_code_evaluates_the_code_in_the_qenvs_environment"/>
    <testcase time="0.003" classname="qenv_eval_code" name="eval_code_doesn_t_have_access_to_environment_where_it_s_called"/>
    <testcase time="0.00299999999999989" classname="qenv_eval_code" name="_env_in_qenv_is_always_a_sibling_of_.GlobalEnv"/>
    <testcase time="0.002" classname="qenv_eval_code" name="_env_in_qenv_is_always_a_sibling_of_.GlobalEnv"/>
    <testcase time="0.001" classname="qenv_eval_code" name="_env_in_qenv_is_always_a_sibling_of_.GlobalEnv"/>
    <testcase time="0.015" classname="qenv_eval_code" name="getting_object_from_the_package_namespace_works_even_if_library_in_the_same_call"/>
    <testcase time="0.003" classname="qenv_eval_code" name="eval_code_works_with_character"/>
    <testcase time="0.001" classname="qenv_eval_code" name="eval_code_works_with_character"/>
    <testcase time="0.003" classname="qenv_eval_code" name="eval_code_works_with_expression"/>
    <testcase time="0.002" classname="qenv_eval_code" name="eval_code_works_with_expression"/>
    <testcase time="0.005" classname="qenv_eval_code" name="eval_code_works_with_quoted"/>
    <testcase time="0.002" classname="qenv_eval_code" name="eval_code_works_with_quoted"/>
    <testcase time="0.003" classname="qenv_eval_code" name="eval_code_works_with_quoted_code_block"/>
    <testcase time="0.002" classname="qenv_eval_code" name="eval_code_works_with_quoted_code_block"/>
    <testcase time="0.046" classname="qenv_eval_code" name="eval_code_fails_with_unquoted_expression"/>
    <testcase time="0.004" classname="qenv_eval_code" name="an_error_when_calling_eval_code_returns_a_qenv.error_object_which_has_message_and_trace"/>
    <testcase time="0.001" classname="qenv_eval_code" name="an_error_when_calling_eval_code_returns_a_qenv.error_object_which_has_message_and_trace"/>
    <testcase time="0.001" classname="qenv_eval_code" name="an_error_when_calling_eval_code_returns_a_qenv.error_object_which_has_message_and_trace"/>
    <testcase time="0.00600000000000001" classname="qenv_eval_code" name="a_warning_when_calling_eval_code_returns_a_qenv_object_which_has_warnings"/>
    <testcase time="0.001" classname="qenv_eval_code" name="a_warning_when_calling_eval_code_returns_a_qenv_object_which_has_warnings"/>
    <testcase time="0.004" classname="qenv_eval_code" name="eval_code_with_a_vector_of_code_produces_one_warning_element_per_code_element"/>
    <testcase time="0.003" classname="qenv_eval_code" name="a_message_when_calling_eval_code_returns_a_qenv_object_which_has_messages"/>
    <testcase time="0.002" classname="qenv_eval_code" name="a_message_when_calling_eval_code_returns_a_qenv_object_which_has_messages"/>
    <testcase time="0.00600000000000001" classname="qenv_eval_code" name="eval_code_returns_a_qenv_object_with_empty_messages_and_warnings_when_none_are_returned"/>
    <testcase time="0.002" classname="qenv_eval_code" name="eval_code_returns_a_qenv_object_with_empty_messages_and_warnings_when_none_are_returned"/>
    <testcase time="0.001" classname="qenv_eval_code" name="eval_code_returns_a_qenv_object_with_empty_messages_and_warnings_when_none_are_returned"/>
  </testsuite>
  <testsuite name="qenv_get_code" timestamp="2024-08-28T14:01:22Z" hostname="723544b08b06" tests="5" skipped="0" failures="0" errors="0" time="0.019">
    <testcase time="0.00600000000000001" classname="qenv_get_code" name="get_code_returns_code_character_by_default_of_qenv_object"/>
    <testcase time="0.00399999999999989" classname="qenv_get_code" name="get_code_returns_code_elements_being_code_blocks_as_character_1_"/>
    <testcase time="0.004" classname="qenv_get_code" name="get_code_returns_expression_of_qenv_object_if_deparse_FALSE"/>
    <testcase time="0.004" classname="qenv_get_code" name="get_code_called_with_qenv.error_returns_error_with_trace_in_error_message"/>
    <testcase time="0.001" classname="qenv_get_code" name="get_code_called_with_qenv.error_returns_error_with_trace_in_error_message"/>
  </testsuite>
  <testsuite name="qenv_get_var" timestamp="2024-08-28T14:01:22Z" hostname="723544b08b06" tests="10" skipped="0" failures="0" errors="0" time="0.038">
    <testcase time="0.00900000000000001" classname="qenv_get_var" name="get_var_and_return_error_if_object_is_qenv.error"/>
    <testcase time="0.004" classname="qenv_get_var" name="get_var_and_return_error_if_object_is_qenv.error"/>
    <testcase time="0.004" classname="qenv_get_var" name="get_var_and_return_object_from_qenv_environment"/>
    <testcase time="0.002" classname="qenv_get_var" name="get_var_and_return_object_from_qenv_environment"/>
    <testcase time="0.005" classname="qenv_get_var" name="get_var_and_return_NULL_if_object_not_in_qenv_environment"/>
    <testcase time="0.002" classname="qenv_get_var" name="get_var_and_return_NULL_if_object_not_in_qenv_environment"/>
    <testcase time="0.003" classname="qenv_get_var" name="get_var_and_return_NULL_if_object_not_in_qenv_environment"/>
    <testcase time="0.001" classname="qenv_get_var" name="get_var_and_return_NULL_if_object_not_in_qenv_environment"/>
    <testcase time="0.005" classname="qenv_get_var" name="get_var_and_only_returns_objects_from_qenv_not_parent_environment_s_"/>
    <testcase time="0.003" classname="qenv_get_var" name="get_var_and_only_returns_objects_from_qenv_not_parent_environment_s_"/>
  </testsuite>
  <testsuite name="qenv_get_warnings" timestamp="2024-08-28T14:01:22Z" hostname="723544b08b06" tests="7" skipped="0" failures="0" errors="0" time="0.036">
    <testcase time="0.00700000000000001" classname="qenv_get_warnings" name="get_warnings_accepts_a_qenv_object_and_returns_character"/>
    <testcase time="0.005" classname="qenv_get_warnings" name="get_warnings_accepts_a_qenv.error_object_and_returns_NULL"/>
    <testcase time="0.004" classname="qenv_get_warnings" name="get_warnings_accepts_a_NULL_object_and_returns_NULL"/>
    <testcase time="0.00800000000000001" classname="qenv_get_warnings" name="get_warnings_accepts_a_qenv_object_with_no_warning_and_returns_NULL"/>
    <testcase time="0.004" classname="qenv_get_warnings" name="get_warnings_accepts_a_qenv_object_with_2_warnings"/>
    <testcase time="0.004" classname="qenv_get_warnings" name="get_warnings_accepts_a_qenv_object_with_a_single_eval_code_returning_2_warnings"/>
    <testcase time="0.004" classname="qenv_get_warnings" name="get_warnings_accepts_a_qenv_object_with_1_warning_eval_code_and_1_no_warning_eval_code"/>
  </testsuite>
  <testsuite name="qenv_join" timestamp="2024-08-28T14:01:22Z" hostname="723544b08b06" tests="40" skipped="0" failures="0" errors="0" time="0.113">
    <testcase time="0.00800000000000001" classname="qenv_join" name="Joining_two_identical_qenvs_outputs_the_same_object"/>
    <testcase time="0.001" classname="qenv_join" name="Joining_two_identical_qenvs_outputs_the_same_object"/>
    <testcase time="0.001" classname="qenv_join" name="Joining_two_identical_qenvs_outputs_the_same_object"/>
    <testcase time="0.001" classname="qenv_join" name="Joining_two_identical_qenvs_outputs_the_same_object"/>
    <testcase time="0.005" classname="qenv_join" name="Joining_two_independent_qenvs_results_in_object_having_combined_code_and_environments"/>
    <testcase time="0.002" classname="qenv_join" name="Joining_two_independent_qenvs_results_in_object_having_combined_code_and_environments"/>
    <testcase time="0.001" classname="qenv_join" name="Joining_two_independent_qenvs_results_in_object_having_combined_code_and_environments"/>
    <testcase time="0.001" classname="qenv_join" name="Joining_two_independent_qenvs_results_in_object_having_combined_code_and_environments"/>
    <testcase time="0.005" classname="qenv_join" name="Joined_qenv_does_not_duplicate_common_code"/>
    <testcase time="0.001" classname="qenv_join" name="Joined_qenv_does_not_duplicate_common_code"/>
    <testcase time="0.001" classname="qenv_join" name="Joined_qenv_does_not_duplicate_common_code"/>
    <testcase time="0.004" classname="qenv_join" name="Not_able_to_join_two_qenvs_if_any_of_the_shared_objects_changed"/>
    <testcase time="0.005" classname="qenv_join" name="Not_able_to_join_two_qenvs_if_any_of_the_shared_objects_changed"/>
    <testcase time="0.005" classname="qenv_join" name="join_does_not_duplicate_code_but_adds_only_extra_code"/>
    <testcase time="0.001" classname="qenv_join" name="join_does_not_duplicate_code_but_adds_only_extra_code"/>
    <testcase time="0.00299999999999989" classname="qenv_join" name="join_does_not_duplicate_code_but_adds_only_extra_code"/>
    <testcase time="0.001" classname="qenv_join" name="join_does_not_duplicate_code_but_adds_only_extra_code"/>
    <testcase time="0.00600000000000001" classname="qenv_join" name="Not_possible_to_join_qenvs_which_share_some_code_when_one_of_the_shared_object_was_modified"/>
    <testcase time="0.00800000000000001" classname="qenv_join" name="qenv_objects_are_mergeable_if_they_don_t_share_any_code_identified_by_id_"/>
    <testcase time="0.001" classname="qenv_join" name="qenv_objects_are_mergeable_if_they_don_t_share_any_code_identified_by_id_"/>
    <testcase time="0.001" classname="qenv_join" name="qenv_objects_are_mergeable_if_they_don_t_share_any_code_identified_by_id_"/>
    <testcase time="0.001" classname="qenv_join" name="qenv_objects_are_mergeable_if_they_don_t_share_any_code_identified_by_id_"/>
    <testcase time="0.002" classname="qenv_join" name="qenv_objects_are_mergeable_if_they_don_t_share_any_code_identified_by_id_"/>
    <testcase time="0.005" classname="qenv_join" name="qenv_objects_are_mergeable_if_they_share_common_initial_qenv_elements"/>
    <testcase time="0.001" classname="qenv_join" name="qenv_objects_are_mergeable_if_they_share_common_initial_qenv_elements"/>
    <testcase time="0.001" classname="qenv_join" name="qenv_objects_are_mergeable_if_they_share_common_initial_qenv_elements"/>
    <testcase time="0.001" classname="qenv_join" name="qenv_objects_are_mergeable_if_they_share_common_initial_qenv_elements"/>
    <testcase time="0.002" classname="qenv_join" name="qenv_objects_are_mergeable_if_they_share_common_initial_qenv_elements"/>
    <testcase time="0.004" classname="qenv_join" name="qenv_objects_aren_t_mergeable_if_they_share_common_qenv_elements_proceeded_with_some_other_code"/>
    <testcase time="0.004" classname="qenv_join" name="qenv_objects_aren_t_mergeable_if_they_share_common_qenv_elements_proceeded_with_some_other_code"/>
    <testcase time="0.004" classname="qenv_join" name="qenv_objects_are_not_mergable_if_they_have_multiple_common_streaks"/>
    <testcase time="0.005" classname="qenv_join" name="qenv_objects_are_not_mergable_if_they_have_multiple_common_streaks"/>
    <testcase time="0.004" classname="qenv_join" name="joining_with_a_qenv.error_object_returns_the_qenv.error_object"/>
    <testcase time="0.001" classname="qenv_join" name="joining_with_a_qenv.error_object_returns_the_qenv.error_object"/>
    <testcase time="0.002" classname="qenv_join" name="joining_with_a_qenv.error_object_returns_the_qenv.error_object"/>
    <testcase time="0.001" classname="qenv_join" name="joining_with_a_qenv.error_object_returns_the_qenv.error_object"/>
    <testcase time="0.005" classname="qenv_join" name="Joining_two_independent_qenvs_with_warnings_results_in_object_having_combined_warnings"/>
    <testcase time="0.002" classname="qenv_join" name="Joining_two_independent_qenvs_with_warnings_results_in_object_having_combined_warnings"/>
    <testcase time="0.005" classname="qenv_join" name="Joining_two_independent_qenvs_with_messages_results_in_object_having_combined_messages"/>
    <testcase time="0.001" classname="qenv_join" name="Joining_two_independent_qenvs_with_messages_results_in_object_having_combined_messages"/>
  </testsuite>
  <testsuite name="qenv_within" timestamp="2024-08-28T14:01:23Z" hostname="723544b08b06" tests="14" skipped="0" failures="0" errors="0" time="0.047">
    <testcase time="0.00600000000000001" classname="qenv_within" name="simple_and_compound_expressions_are_evaluated"/>
    <testcase time="0.002" classname="qenv_within" name="simple_and_compound_expressions_are_evaluated"/>
    <testcase time="0.00600000000000001" classname="qenv_within" name="styling_of_input_code_does_not_impact_evaluation_results"/>
    <testcase time="0.002" classname="qenv_within" name="styling_of_input_code_does_not_impact_evaluation_results"/>
    <testcase time="0.004" classname="qenv_within" name="within.qenv_renturns_a_qenv_where_env_is_a_deep_copy_of_that_in_data_"/>
    <testcase time="0.003" classname="qenv_within" name="within.qenv_renturns_a_qenv_where_env_is_a_deep_copy_of_that_in_data_"/>
    <testcase time="0.004" classname="qenv_within" name="within.qenv_renturns_qenv.error_even_if_evaluation_raises_error"/>
    <testcase time="0.002" classname="qenv_within" name="within.qenv_renturns_qenv.error_even_if_evaluation_raises_error"/>
    <testcase time="0.003" classname="qenv_within" name="external_values_can_be_injected_into_expressions_through_..._"/>
    <testcase time="0.004" classname="qenv_within" name="external_values_are_not_taken_from_calling_frame"/>
    <testcase time="0.004" classname="qenv_within" name="external_values_are_not_taken_from_calling_frame"/>
    <testcase time="0.002" classname="qenv_within" name="external_values_are_not_taken_from_calling_frame"/>
    <testcase time="0.001" classname="qenv_within" name="external_values_are_not_taken_from_calling_frame"/>
    <testcase time="0.004" classname="qenv_within" name="within_run_on_qenv.error_returns_the_qenv.error_as_is"/>
  </testsuite>
  <testsuite name="utils" timestamp="2024-08-28T14:01:23Z" hostname="723544b08b06" tests="12" skipped="0" failures="0" errors="0" time="0.034">
    <testcase time="0.00600000000000001" classname="utils" name="dev_suppress_function_supress_printing_plot_on_IDE"/>
    <testcase time="0.002" classname="utils" name="dev_suppress_function_supress_printing_plot_on_IDE"/>
    <testcase time="0.00499999999999989" classname="utils" name="lang2calls_returns_list_of_calls_given_a_language_object"/>
    <testcase time="0.002" classname="utils" name="lang2calls_returns_list_of_calls_given_a_language_object"/>
    <testcase time="0.003" classname="utils" name="lang2calls_returns_list_of_calls_given_a_language_object"/>
    <testcase time="0.002" classname="utils" name="lang2calls_returns_list_of_calls_given_a_language_object"/>
    <testcase time="0.005" classname="utils" name="lang2calls_returns_list_of_calls_given_a_list_of_language_objects"/>
    <testcase time="0.002" classname="utils" name="lang2calls_returns_list_of_calls_given_a_list_of_language_objects"/>
    <testcase time="0.003" classname="utils" name="lang2calls_returns_atomics_and_symbols_wrapped_in_list"/>
    <testcase time="0.001" classname="utils" name="lang2calls_returns_atomics_and_symbols_wrapped_in_list"/>
    <testcase time="0.002" classname="utils" name="lang2calls_returns_atomics_and_symbols_wrapped_in_list"/>
    <testcase time="0.001" classname="utils" name="lang2calls_returns_atomics_and_symbols_wrapped_in_list"/>
  </testsuite>
</testsuites>
