<?xml version="1.0" encoding="UTF-8"?>
<testsuites>
  <testsuite name="qenv_concat" timestamp="2024-11-07T14:21:28Z" hostname="ad2dfcc78569" tests="12" skipped="0" failures="0" errors="0" time="0.245">
    <testcase time="0.086" classname="qenv_concat" name="Concatenate_two_identical_qenvs_outputs"/>
    <testcase time="0.03" classname="qenv_concat" name="Concatenate_two_identical_qenvs_outputs"/>
    <testcase time="0.03" classname="qenv_concat" name="Concatenate_two_independent_qenvs_results_in_object_having_combined_code_and_environments"/>
    <testcase time="0.001" classname="qenv_concat" name="Concatenate_two_independent_qenvs_results_in_object_having_combined_code_and_environments"/>
    <testcase time="0.001" classname="qenv_concat" name="Concatenate_two_independent_qenvs_results_in_object_having_combined_code_and_environments"/>
    <testcase time="0.046" classname="qenv_concat" name="Concatenate_qenvs_results_with_the_same_variable_the_RHS_has_priority"/>
    <testcase time="0.02" classname="qenv_concat" name="Concatenate_with_a_qenv.error_object_returns_the_qenv.error_object"/>
    <testcase time="0.001" classname="qenv_concat" name="Concatenate_with_a_qenv.error_object_returns_the_qenv.error_object"/>
    <testcase time="0.001" classname="qenv_concat" name="Concatenate_with_a_qenv.error_object_returns_the_qenv.error_object"/>
    <testcase time="0.002" classname="qenv_concat" name="Concatenate_with_a_qenv.error_object_returns_the_qenv.error_object"/>
    <testcase time="0.014" classname="qenv_concat" name="Concatenate_two_independent_qenvs_with_warnings_results_in_object_having_combined_warnings"/>
    <testcase time="0.0129999999999999" classname="qenv_concat" name="Concatenate_two_independent_qenvs_with_messages_results_in_object_having_combined_messages"/>
  </testsuite>
  <testsuite name="qenv_constructor" timestamp="2024-11-07T14:21:28Z" hostname="ad2dfcc78569" tests="8" skipped="0" failures="0" errors="0" time="0.034">
    <testcase time="0.012" classname="qenv_constructor" name="constructor_returns_qenv"/>
    <testcase time="0.001" classname="qenv_constructor" name="constructor_returns_qenv"/>
    <testcase time="0.002" classname="qenv_constructor" name="constructor_returns_qenv"/>
    <testcase time="0.003" classname="qenv_constructor" name="constructor_returns_qenv"/>
    <testcase time="0.002" classname="qenv_constructor" name="constructor_returns_qenv"/>
    <testcase time="0.003" classname="qenv_constructor" name="constructor_returns_qenv"/>
    <testcase time="0.003" classname="qenv_constructor" name="parent_of_qenv_environment_is_the_parent_of_.GlobalEnv"/>
    <testcase time="0.00800000000000001" classname="qenv_constructor" name="parent_of_qenv_environment_is_locked"/>
  </testsuite>
  <testsuite name="qenv_eval_code" timestamp="2024-11-07T14:21:28Z" hostname="ad2dfcc78569" tests="39" skipped="0" failures="2" errors="1" time="0.479">
    <testcase time="0.029" classname="qenv_eval_code" name="eval_code_evaluates_the_code_in_the_qenvs_environment"/>
    <testcase time="0.01" classname="qenv_eval_code" name="eval_code_doesn_t_have_access_to_environment_where_it_s_called"/>
    <testcase time="0.004" classname="qenv_eval_code" name="_env_in_qenv_is_always_a_sibling_of_.GlobalEnv"/>
    <testcase time="0.005" classname="qenv_eval_code" name="_env_in_qenv_is_always_a_sibling_of_.GlobalEnv"/>
    <testcase time="0.00600000000000001" classname="qenv_eval_code" name="_env_in_qenv_is_always_a_sibling_of_.GlobalEnv"/>
    <testcase time="0.027" classname="qenv_eval_code" name="getting_object_from_the_package_namespace_works_even_if_library_in_the_same_call"/>
    <testcase time="0.00800000000000001" classname="qenv_eval_code" name="eval_code_works_with_character"/>
    <testcase time="0.001" classname="qenv_eval_code" name="eval_code_works_with_character"/>
    <testcase time="0.0079999999999999" classname="qenv_eval_code" name="eval_code_works_with_expression"/>
    <testcase time="0.001" classname="qenv_eval_code" name="eval_code_works_with_expression"/>
    <testcase time="0.00800000000000001" classname="qenv_eval_code" name="eval_code_works_with_quoted"/>
    <testcase time="0.001" classname="qenv_eval_code" name="eval_code_works_with_quoted"/>
    <testcase time="0.012" classname="qenv_eval_code" name="eval_code_works_with_quoted_code_block"/>
    <testcase time="0.002" classname="qenv_eval_code" name="eval_code_works_with_quoted_code_block"/>
    <testcase time="0.0740000000000001" classname="qenv_eval_code" name="eval_code_fails_with_unquoted_expression"/>
    <testcase time="0.016" classname="qenv_eval_code" name="an_error_when_calling_eval_code_returns_a_qenv.error_object_which_has_message_and_trace"/>
    <testcase time="0.002" classname="qenv_eval_code" name="an_error_when_calling_eval_code_returns_a_qenv.error_object_which_has_message_and_trace"/>
    <testcase time="0.001" classname="qenv_eval_code" name="an_error_when_calling_eval_code_returns_a_qenv.error_object_which_has_message_and_trace"/>
    <testcase time="0.0229999999999999" classname="qenv_eval_code" name="a_warning_when_calling_eval_code_returns_a_qenv_object_which_has_warnings_as_attributes_of_code"/>
    <testcase time="0.001" classname="qenv_eval_code" name="a_warning_when_calling_eval_code_returns_a_qenv_object_which_has_warnings_as_attributes_of_code"/>
    <testcase time="0.017" classname="qenv_eval_code" name="eval_code_associates_warnings_with_call_by_adding_attribute_to_code_element"/>
    <testcase time="0.014" classname="qenv_eval_code" name="eval_code_associates_messages_with_call_by_adding_attribute_to_code_element"/>
    <testcase time="0.001" classname="qenv_eval_code" name="eval_code_associates_messages_with_call_by_adding_attribute_to_code_element"/>
    <testcase time="0.01" classname="qenv_eval_code" name="eval_code_returns_a_qenv_object_with_empty_messages_and_warnings_as_code_attributes_when_none_are_returned"/>
    <testcase time="0.005" classname="qenv_eval_code" name="eval_code_returns_a_qenv_object_with_empty_messages_and_warnings_as_code_attributes_when_none_are_returned"/>
    <testcase time="0.002" classname="qenv_eval_code" name="eval_code_returns_a_qenv_object_with_empty_messages_and_warnings_as_code_attributes_when_none_are_returned"/>
    <testcase time="0.01" classname="qenv_eval_code" name="eval_code_returns_a_qenv_object_with_dependency_attribute"/>
    <testcase time="0.02" classname="qenv_eval_code" name="eval_code_returns_a_qenv_object_with_dependency_attribute_that_contains_linksto_information"/>
    <testcase time="0.01" classname="qenv_eval_code" name="eval_code_returns_a_qenv_object_with_dependency_attribute_that_extracts_functions_after_part">
      <error type="error" message="Error in `q3@code`: no applicable method for `@` applied to an object of class &quot;qenv.error&quot; ('test-qenv_eval_code.R:164:5')">Error in `q3@code`: no applicable method for `@` applied to an object of class "qenv.error"
Backtrace:
    ▆
 1. ├─testthat::expect_identical(...) at test-qenv_eval_code.R:164:5
 2. │ └─testthat::quasi_label(enquo(object), label, arg = "object")
 3. │   └─rlang::eval_bare(expr, quo_get_env(quo))
 4. └─base::lapply(q3@code, attr, "dependency")</error>
    </testcase>
    <testcase time="0.0509999999999999" classname="qenv_eval_code" name="comments_fall_into_proper_calls"/>
    <testcase time="0.0210000000000001" classname="qenv_eval_code" name="comments_get_pasted_when_they_fall_into_calls"/>
    <testcase time="0.0159999999999998" classname="qenv_eval_code" name="comments_alone_are_pasted_to_the_next_following_call_element"/>
    <testcase time="0.002" classname="qenv_eval_code" name="comments_alone_are_pasted_to_the_next_following_call_element"/>
    <testcase time="0.00800000000000001" classname="qenv_eval_code" name="comments_at_the_end_of_src_are_added_to_the_previous_call_element"/>
    <testcase time="0.002" classname="qenv_eval_code" name="comments_at_the_end_of_src_are_added_to_the_previous_call_element"/>
    <testcase time="0.016" classname="qenv_eval_code" name="comments_from_the_same_line_are_associated_with_it_s_call"/>
    <testcase time="0.00100000000000011" classname="qenv_eval_code" name="comments_from_the_same_line_are_associated_with_it_s_call"/>
    <testcase time="0.012" classname="qenv_eval_code" name="comments_alone_passed_to_eval_code_are_skipped">
      <failure type="failure" message="unlist(q@code) not identical to paste(code[1:2], collapse = &quot;\n&quot;). ('test-qenv_eval_code.R:264:3')">unlist(q@code) not identical to paste(code[1:2], collapse = "\n").
1/1 mismatches
x[1]: "x &lt;- 5"
y[1]: "x &lt;- 5\n# comment"</failure>
    </testcase>
    <testcase time="0.022" classname="qenv_eval_code" name="comments_alone_passed_to_eval_code_are_skipped">
      <failure type="failure" message="get_code(q) not identical to paste(code, collapse = &quot;\n&quot;). ('test-qenv_eval_code.R:268:3')">get_code(q) not identical to paste(code, collapse = "\n").
1/1 mismatches
x[1]: "x &lt;- 5"
y[1]: "x &lt;- 5\n# comment"</failure>
    </testcase>
  </testsuite>
  <testsuite name="qenv_extract" timestamp="2024-11-07T14:21:29Z" hostname="ad2dfcc78569" tests="11" skipped="0" failures="0" errors="0" time="0.13">
    <testcase time="0.0249999999999999" classname="qenv_extract" name="_._returns_empty_qenv_for_names_not_in_qenv"/>
    <testcase time="0.00100000000000011" classname="qenv_extract" name="_._returns_empty_qenv_for_names_not_in_qenv"/>
    <testcase time="0.0149999999999999" classname="qenv_extract" name="_._returns_limited_qenv_for_some_names_not_in_qenv"/>
    <testcase time="0.00100000000000011" classname="qenv_extract" name="_._returns_limited_qenv_for_some_names_not_in_qenv"/>
    <testcase time="0.0199999999999998" classname="qenv_extract" name="_._subsets_environment_and_code_to_specified_object_names"/>
    <testcase time="0.0170000000000001" classname="qenv_extract" name="_._extracts_the_code_only_needed_to_recreate_objects_passed_through_names_"/>
    <testcase time="0.0169999999999999" classname="qenv_extract" name="_._comments_are_preserved_in_the_code_and_associated_with_the_following_call"/>
    <testcase time="0.0270000000000001" classname="qenv_extract" name="_._extract_proper_elements_of_id_warnings_and_messages_fiels"/>
    <testcase time="0.002" classname="qenv_extract" name="_._extract_proper_elements_of_id_warnings_and_messages_fiels"/>
    <testcase time="0.002" classname="qenv_extract" name="_._extract_proper_elements_of_id_warnings_and_messages_fiels"/>
    <testcase time="0.00299999999999989" classname="qenv_extract" name="_._extract_proper_elements_of_id_warnings_and_messages_fiels"/>
  </testsuite>
  <testsuite name="qenv_get_code" timestamp="2024-11-07T14:21:29Z" hostname="ad2dfcc78569" tests="71" skipped="3" failures="0" errors="0" time="1.324">
    <testcase time="0.0170000000000001" classname="qenv_get_code" name="get_code_returns_code_character_by_default_of_qenv_object"/>
    <testcase time="0.018" classname="qenv_get_code" name="get_code_handles_code_elements_being_code_blocks"/>
    <testcase time="0.016" classname="qenv_get_code" name="get_code_returns_expression_of_qenv_object_if_deparse_FALSE"/>
    <testcase time="0.0159999999999998" classname="qenv_get_code" name="get_code_called_with_qenv.error_returns_error_with_trace_in_error_message"/>
    <testcase time="0.00100000000000011" classname="qenv_get_code" name="get_code_called_with_qenv.error_returns_error_with_trace_in_error_message"/>
    <testcase time="0.0169999999999999" classname="qenv_get_code" name="get_code_returns_code_with_comments_and_empty_spaces"/>
    <testcase time="0.004" classname="qenv_get_code" name="handles_empty_code_slot"/>
    <testcase time="0.002" classname="qenv_get_code" name="handles_empty_code_slot"/>
    <testcase time="0.0170000000000001" classname="qenv_get_code" name="handles_the_code_without_symbols_on_rhs"/>
    <testcase time="0.00299999999999989" classname="qenv_get_code" name="handles_the_code_included_in_curly_brackets">
      <skipped message="Reason: SHOULD THIS BE FIXED? it gives the whole code {1 + 1;a &lt;- 5} ('test-qenv_get_code.R:93:3')"/>
    </testcase>
    <testcase time="0.0230000000000001" classname="qenv_get_code" name="handles_the_code_of_length_1_when_at_least_one_is_enclosed_in_curly_brackets"/>
    <testcase time="0.0129999999999999" classname="qenv_get_code" name="extracts_the_code_of_a_binding_from_character_vector_containing_simple_code"/>
    <testcase time="0.00100000000000011" classname="qenv_get_code" name="extracts_the_code_of_a_binding_from_character_vector_containing_simple_code"/>
    <testcase time="0.0129999999999999" classname="qenv_get_code" name="extracts_the_code_without_downstream_usage"/>
    <testcase time="0.016" classname="qenv_get_code" name="works_for_names_of_length_1"/>
    <testcase time="0.0089999999999999" classname="qenv_get_code" name="warns_if_binding_doesn_t_exist_in_code"/>
    <testcase time="0.0210000000000001" classname="qenv_get_code" name="does_not_fall_into_a_loop"/>
    <testcase time="0.002" classname="qenv_get_code" name="does_not_fall_into_a_loop"/>
    <testcase time="0.002" classname="qenv_get_code" name="does_not_fall_into_a_loop"/>
    <testcase time="0.0189999999999999" classname="qenv_get_code" name="extracts_code_of_a_parent_binding_but_only_those_evaluated_before_coocurence"/>
    <testcase time="0.02" classname="qenv_get_code" name="extracts_the_code_of_a_parent_binding_if_used_as_an_arg_in_a_function_call"/>
    <testcase time="0.018" classname="qenv_get_code" name="extracts_the_code_when_using_"/>
    <testcase time="0.038" classname="qenv_get_code" name="detects_every_assign_calls_even_if_not_evaluated_if_there_is_only_one_assignment_in_this_line"/>
    <testcase time="0.0209999999999999" classname="qenv_get_code" name="returns_result_of_length_1_for_non_empty_input_and_deparse_FALSE"/>
    <testcase time="0.014" classname="qenv_get_code" name="does_not_break_if_code_is_separated_by_"/>
    <testcase time="0.024" classname="qenv_get_code" name="does_not_break_if_code_uses_quote_"/>
    <testcase time="0.0310000000000001" classname="qenv_get_code" name="does_not_break_if_object_is_used_in_a_function_on_lhs"/>
    <testcase time="0.0249999999999999" classname="qenv_get_code" name="does_not_break_if_object_is_used_in_a_function_on_lhs_and_influencers_are_both_on_lhs_and_rhs"/>
    <testcase time="0.04" classname="qenv_get_code" name="extracts_the_code_for_assign_where_x_is_a_literal_string"/>
    <testcase time="0.002" classname="qenv_get_code" name="extracts_the_code_for_assign_where_x_is_a_literal_string"/>
    <testcase time="0.002" classname="qenv_get_code" name="extracts_the_code_for_assign_where_x_is_a_literal_string"/>
    <testcase time="0.00299999999999989" classname="qenv_get_code" name="extracts_the_code_for_assign_where_x_is_variable">
      <skipped message="Reason: We will not resolve this, as this requires code evaluation. ('test-qenv_get_code.R:325:3')"/>
    </testcase>
    <testcase time="0.052" classname="qenv_get_code" name="works_for_assign_detection_no_matter_how_many_parametrers_were_provided_in_assignq_"/>
    <testcase time="0.026" classname="qenv_get_code" name="detects_function_usage_of_the_assignment_operator"/>
    <testcase time="0.00100000000000011" classname="qenv_get_code" name="detects_function_usage_of_the_assignment_operator"/>
    <testcase time="0.022" classname="qenv_get_code" name="get_code_does_not_break_if_linksto_is_put_in_the_last_line"/>
    <testcase time="0.0129999999999999" classname="qenv_get_code" name="_linksto_makes_a_line_being_returned_for_an_affected_binding"/>
    <testcase time="0.0170000000000001" classname="qenv_get_code" name="_linksto_returns_the_line_for_an_affected_binding_even_if_the_object_did_not_exist_in_the_same_iteration_of_eval_code"/>
    <testcase time="0.0229999999999999" classname="qenv_get_code" name="lines_affecting_parent_evaluated_after_co_occurrence_are_not_included_in_output_when_using_linksto"/>
    <testcase time="0.002" classname="qenv_get_code" name="lines_affecting_parent_evaluated_after_co_occurrence_are_not_included_in_output_when_using_linksto"/>
    <testcase time="0.0330000000000001" classname="qenv_get_code" name="_linksto_gets_extracted_if_it_s_a_side_effect_on_a_dependent_object_even_of_a_dependent_object_"/>
    <testcase time="0.02" classname="qenv_get_code" name="ignores_occurrence_in_a_function_definition"/>
    <testcase time="0.00099999999999989" classname="qenv_get_code" name="ignores_occurrence_in_a_function_definition"/>
    <testcase time="0.0259999999999998" classname="qenv_get_code" name="ignores_occurrence_in_a_function_definition_that_has_function_in_it"/>
    <testcase time="0.002" classname="qenv_get_code" name="ignores_occurrence_in_a_function_definition_that_has_function_in_it"/>
    <testcase time="0.036" classname="qenv_get_code" name="ignores_occurrence_in_a_function_definition_if_there_is_multiple_function_definitions"/>
    <testcase time="0.00300000000000011" classname="qenv_get_code" name="ignores_occurrence_in_a_function_definition_if_there_is_multiple_function_definitions"/>
    <testcase time="0.0479999999999998" classname="qenv_get_code" name="ignores_occurrence_in_a_function_definition_in_lapply"/>
    <testcase time="0.004" classname="qenv_get_code" name="does_not_ignore_occurrence_in_function_body_if_object_exsits_in_env">
      <skipped message="Reason: This is not urgent and can be ommitted with @linksto tag. ('test-qenv_get_code.R:527:3')"/>
    </testcase>
    <testcase time="0.0300000000000002" classname="qenv_get_code" name="ignores_occurrence_in_function_definition_without_curly_brackets"/>
    <testcase time="0.00199999999999978" classname="qenv_get_code" name="ignores_occurrence_in_function_definition_without_curly_brackets"/>
    <testcase time="0.0289999999999999" classname="qenv_get_code" name="detects_occurrence_of_the_function_object"/>
    <testcase time="0.024" classname="qenv_get_code" name="detects_occurrence_of_a_function_definition_when_a_formal_is_named_the_same_as_a_function"/>
    <testcase time="0.028" classname="qenv_get_code" name="detects_occurrence_of_a_function_definition_with_a_linksto_usage"/>
    <testcase time="0.04" classname="qenv_get_code" name="understands_usage_and_do_not_treat_rhs_of_as_objects_only_lhs_"/>
    <testcase time="0.00300000000000011" classname="qenv_get_code" name="understands_usage_and_do_not_treat_rhs_of_as_objects_only_lhs_"/>
    <testcase time="0.024" classname="qenv_get_code" name="detects_cooccurrence_properly_even_if_all_objects_are_on_lhs"/>
    <testcase time="0.0640000000000001" classname="qenv_get_code" name="understands_usage_and_do_not_treat_rhs_of_as_objects_only_lhs_"/>
    <testcase time="0.00199999999999978" classname="qenv_get_code" name="understands_usage_and_do_not_treat_rhs_of_as_objects_only_lhs_"/>
    <testcase time="0.0310000000000001" classname="qenv_get_code" name="library_and_require_are_always_returned"/>
    <testcase time="0.032" classname="qenv_get_code" name="data_call_is_returned_when_data_name_is_provided_as_is"/>
    <testcase time="0.028" classname="qenv_get_code" name="data_call_is_returned_when_data_name_is_provided_as_a_character"/>
    <testcase time="0.0259999999999998" classname="qenv_get_code" name="code_can_be_retrieved_with_get_code"/>
    <testcase time="0.0220000000000002" classname="qenv_get_code" name="code_can_be_retrieved_with_get_code"/>
    <testcase time="0.0269999999999997" classname="qenv_get_code" name="starting_with_underscore_is_detected_in_code_dependency"/>
    <testcase time="0.024" classname="qenv_get_code" name="with_space_character_is_detected_in_code_dependency"/>
    <testcase time="0.0270000000000001" classname="qenv_get_code" name="without_special_characters_is_cleaned_and_detected_in_code_dependency"/>
    <testcase time="0.0230000000000001" classname="qenv_get_code" name="with_non_native_pipe_used_as_function_is_detected_code_dependency"/>
    <testcase time="0.0259999999999998" classname="qenv_get_code" name="with_non_native_pipe_is_detected_code_dependency"/>
    <testcase time="0.0140000000000002" classname="qenv_get_code" name="get_code_raises_warning_for_missing_names"/>
    <testcase time="0.00099999999999989" classname="qenv_get_code" name="get_code_raises_warning_for_missing_names"/>
  </testsuite>
  <testsuite name="qenv_get_var" timestamp="2024-11-07T14:21:30Z" hostname="ad2dfcc78569" tests="10" skipped="0" failures="0" errors="0" time="0.071">
    <testcase time="0.0179999999999998" classname="qenv_get_var" name="get_var_and_return_error_if_object_is_qenv.error"/>
    <testcase time="0.004" classname="qenv_get_var" name="get_var_and_return_error_if_object_is_qenv.error"/>
    <testcase time="0.0150000000000001" classname="qenv_get_var" name="get_var_and_return_object_from_qenv_environment"/>
    <testcase time="0.00099999999999989" classname="qenv_get_var" name="get_var_and_return_object_from_qenv_environment"/>
    <testcase time="0.0190000000000001" classname="qenv_get_var" name="get_var_and_return_NULL_if_object_not_in_qenv_environment"/>
    <testcase time="0.00200000000000022" classname="qenv_get_var" name="get_var_and_return_NULL_if_object_not_in_qenv_environment"/>
    <testcase time="0.00299999999999967" classname="qenv_get_var" name="get_var_and_return_NULL_if_object_not_in_qenv_environment"/>
    <testcase time="0.00200000000000022" classname="qenv_get_var" name="get_var_and_return_NULL_if_object_not_in_qenv_environment"/>
    <testcase time="0.004" classname="qenv_get_var" name="get_var_and_only_returns_objects_from_qenv_not_parent_environment_s_"/>
    <testcase time="0.00300000000000011" classname="qenv_get_var" name="get_var_and_only_returns_objects_from_qenv_not_parent_environment_s_"/>
  </testsuite>
  <testsuite name="qenv_get_warnings" timestamp="2024-11-07T14:21:30Z" hostname="ad2dfcc78569" tests="7" skipped="0" failures="0" errors="0" time="0.078">
    <testcase time="0.012" classname="qenv_get_warnings" name="get_warnings_accepts_a_qenv_object_and_returns_character"/>
    <testcase time="0.00699999999999967" classname="qenv_get_warnings" name="get_warnings_accepts_a_qenv.error_object_and_returns_NULL"/>
    <testcase time="0.00500000000000034" classname="qenv_get_warnings" name="get_warnings_accepts_a_NULL_object_and_returns_NULL"/>
    <testcase time="0.0089999999999999" classname="qenv_get_warnings" name="get_warnings_accepts_a_qenv_object_with_no_warning_and_returns_NULL"/>
    <testcase time="0.0169999999999999" classname="qenv_get_warnings" name="get_warnings_accepts_a_qenv_object_with_2_warnings"/>
    <testcase time="0.0140000000000002" classname="qenv_get_warnings" name="get_warnings_accepts_a_qenv_object_with_a_single_eval_code_returning_2_warnings"/>
    <testcase time="0.0139999999999998" classname="qenv_get_warnings" name="get_warnings_accepts_a_qenv_object_with_1_warning_eval_code_and_1_no_warning_eval_code"/>
  </testsuite>
  <testsuite name="qenv_join" timestamp="2024-11-07T14:21:30Z" hostname="ad2dfcc78569" tests="40" skipped="0" failures="0" errors="0" time="0.296">
    <testcase time="0.012" classname="qenv_join" name="Joining_two_identical_qenvs_outputs_the_same_object"/>
    <testcase time="0.00099999999999989" classname="qenv_join" name="Joining_two_identical_qenvs_outputs_the_same_object"/>
    <testcase time="0.00100000000000033" classname="qenv_join" name="Joining_two_identical_qenvs_outputs_the_same_object"/>
    <testcase time="0.00099999999999989" classname="qenv_join" name="Joining_two_identical_qenvs_outputs_the_same_object"/>
    <testcase time="0.0230000000000001" classname="qenv_join" name="Joining_two_independent_qenvs_results_in_object_having_combined_code_and_environments"/>
    <testcase time="0.00199999999999978" classname="qenv_join" name="Joining_two_independent_qenvs_results_in_object_having_combined_code_and_environments"/>
    <testcase time="0.00099999999999989" classname="qenv_join" name="Joining_two_independent_qenvs_results_in_object_having_combined_code_and_environments"/>
    <testcase time="0.00100000000000033" classname="qenv_join" name="Joining_two_independent_qenvs_results_in_object_having_combined_code_and_environments"/>
    <testcase time="0.0189999999999997" classname="qenv_join" name="Joined_qenv_does_not_duplicate_common_code"/>
    <testcase time="0.00100000000000033" classname="qenv_join" name="Joined_qenv_does_not_duplicate_common_code"/>
    <testcase time="0.00099999999999989" classname="qenv_join" name="Joined_qenv_does_not_duplicate_common_code"/>
    <testcase time="0.0230000000000001" classname="qenv_join" name="Not_able_to_join_two_qenvs_if_any_of_the_shared_objects_changed"/>
    <testcase time="0.00499999999999989" classname="qenv_join" name="Not_able_to_join_two_qenvs_if_any_of_the_shared_objects_changed"/>
    <testcase time="0.024" classname="qenv_join" name="join_does_not_duplicate_code_but_adds_only_extra_code"/>
    <testcase time="0.00099999999999989" classname="qenv_join" name="join_does_not_duplicate_code_but_adds_only_extra_code"/>
    <testcase time="0.00300000000000011" classname="qenv_join" name="join_does_not_duplicate_code_but_adds_only_extra_code"/>
    <testcase time="0.00099999999999989" classname="qenv_join" name="join_does_not_duplicate_code_but_adds_only_extra_code"/>
    <testcase time="0.0299999999999998" classname="qenv_join" name="Not_possible_to_join_qenvs_which_share_some_code_when_one_of_the_shared_object_was_modified"/>
    <testcase time="0.0150000000000001" classname="qenv_join" name="qenv_objects_are_mergeable_if_they_don_t_share_any_code_identified_by_id_"/>
    <testcase time="0.00099999999999989" classname="qenv_join" name="qenv_objects_are_mergeable_if_they_don_t_share_any_code_identified_by_id_"/>
    <testcase time="0.00100000000000033" classname="qenv_join" name="qenv_objects_are_mergeable_if_they_don_t_share_any_code_identified_by_id_"/>
    <testcase time="0.00199999999999978" classname="qenv_join" name="qenv_objects_are_mergeable_if_they_don_t_share_any_code_identified_by_id_"/>
    <testcase time="0.00099999999999989" classname="qenv_join" name="qenv_objects_are_mergeable_if_they_don_t_share_any_code_identified_by_id_"/>
    <testcase time="0.0190000000000001" classname="qenv_join" name="qenv_objects_are_mergeable_if_they_share_common_initial_qenv_elements"/>
    <testcase time="0.00099999999999989" classname="qenv_join" name="qenv_objects_are_mergeable_if_they_share_common_initial_qenv_elements"/>
    <testcase time="0.00100000000000033" classname="qenv_join" name="qenv_objects_are_mergeable_if_they_share_common_initial_qenv_elements"/>
    <testcase time="0.00099999999999989" classname="qenv_join" name="qenv_objects_are_mergeable_if_they_share_common_initial_qenv_elements"/>
    <testcase time="0.00199999999999978" classname="qenv_join" name="qenv_objects_are_mergeable_if_they_share_common_initial_qenv_elements"/>
    <testcase time="0.0210000000000004" classname="qenv_join" name="qenv_objects_aren_t_mergeable_if_they_share_common_qenv_elements_proceeded_with_some_other_code"/>
    <testcase time="0.00499999999999989" classname="qenv_join" name="qenv_objects_aren_t_mergeable_if_they_share_common_qenv_elements_proceeded_with_some_other_code"/>
    <testcase time="0.0179999999999998" classname="qenv_join" name="qenv_objects_are_not_mergable_if_they_have_multiple_common_streaks"/>
    <testcase time="0.004" classname="qenv_join" name="qenv_objects_are_not_mergable_if_they_have_multiple_common_streaks"/>
    <testcase time="0.0129999999999999" classname="qenv_join" name="joining_with_a_qenv.error_object_returns_the_qenv.error_object"/>
    <testcase time="0.00200000000000022" classname="qenv_join" name="joining_with_a_qenv.error_object_returns_the_qenv.error_object"/>
    <testcase time="0.00099999999999989" classname="qenv_join" name="joining_with_a_qenv.error_object_returns_the_qenv.error_object"/>
    <testcase time="0.00499999999999989" classname="qenv_join" name="joining_with_a_qenv.error_object_returns_the_qenv.error_object"/>
    <testcase time="0.0150000000000001" classname="qenv_join" name="Joining_two_independent_qenvs_with_warnings_results_in_object_having_combined_warnings"/>
    <testcase time="0.00200000000000022" classname="qenv_join" name="Joining_two_independent_qenvs_with_warnings_results_in_object_having_combined_warnings"/>
    <testcase time="0.0149999999999997" classname="qenv_join" name="Joining_two_independent_qenvs_with_messages_results_in_object_having_combined_messages"/>
    <testcase time="0.00100000000000033" classname="qenv_join" name="Joining_two_independent_qenvs_with_messages_results_in_object_having_combined_messages"/>
  </testsuite>
  <testsuite name="qenv_within" timestamp="2024-11-07T14:21:31Z" hostname="ad2dfcc78569" tests="14" skipped="0" failures="0" errors="0" time="0.155">
    <testcase time="0.0109999999999997" classname="qenv_within" name="simple_and_compound_expressions_are_evaluated"/>
    <testcase time="0.00600000000000023" classname="qenv_within" name="simple_and_compound_expressions_are_evaluated"/>
    <testcase time="0.0249999999999999" classname="qenv_within" name="styling_of_input_code_does_not_impact_evaluation_results"/>
    <testcase time="0.0379999999999998" classname="qenv_within" name="styling_of_input_code_does_not_impact_evaluation_results"/>
    <testcase time="0.0100000000000002" classname="qenv_within" name="within.qenv_renturns_a_qenv_where_env_is_a_deep_copy_of_that_in_data_"/>
    <testcase time="0.00199999999999978" classname="qenv_within" name="within.qenv_renturns_a_qenv_where_env_is_a_deep_copy_of_that_in_data_"/>
    <testcase time="0.012" classname="qenv_within" name="within.qenv_renturns_qenv.error_even_if_evaluation_raises_error"/>
    <testcase time="0.00100000000000033" classname="qenv_within" name="within.qenv_renturns_qenv.error_even_if_evaluation_raises_error"/>
    <testcase time="0.0129999999999999" classname="qenv_within" name="external_values_can_be_injected_into_expressions_through_..._"/>
    <testcase time="0.00700000000000012" classname="qenv_within" name="external_values_are_not_taken_from_calling_frame"/>
    <testcase time="0.00499999999999989" classname="qenv_within" name="external_values_are_not_taken_from_calling_frame"/>
    <testcase time="0.0129999999999999" classname="qenv_within" name="external_values_are_not_taken_from_calling_frame"/>
    <testcase time="0.00099999999999989" classname="qenv_within" name="external_values_are_not_taken_from_calling_frame"/>
    <testcase time="0.0110000000000001" classname="qenv_within" name="within_run_on_qenv.error_returns_the_qenv.error_as_is"/>
  </testsuite>
  <testsuite name="utils" timestamp="2024-11-07T14:21:31Z" hostname="ad2dfcc78569" tests="12" skipped="0" failures="0" errors="0" time="0.035">
    <testcase time="0.00700000000000012" classname="utils" name="dev_suppress_function_supress_printing_plot_on_IDE"/>
    <testcase time="0.00199999999999978" classname="utils" name="dev_suppress_function_supress_printing_plot_on_IDE"/>
    <testcase time="0.00500000000000034" classname="utils" name="lang2calls_returns_list_of_calls_given_a_language_object"/>
    <testcase time="0.00199999999999978" classname="utils" name="lang2calls_returns_list_of_calls_given_a_language_object"/>
    <testcase time="0.00300000000000011" classname="utils" name="lang2calls_returns_list_of_calls_given_a_language_object"/>
    <testcase time="0.00199999999999978" classname="utils" name="lang2calls_returns_list_of_calls_given_a_language_object"/>
    <testcase time="0.00500000000000034" classname="utils" name="lang2calls_returns_list_of_calls_given_a_list_of_language_objects"/>
    <testcase time="0.00299999999999967" classname="utils" name="lang2calls_returns_list_of_calls_given_a_list_of_language_objects"/>
    <testcase time="0.00300000000000011" classname="utils" name="lang2calls_returns_atomics_and_symbols_wrapped_in_list"/>
    <testcase time="0.00099999999999989" classname="utils" name="lang2calls_returns_atomics_and_symbols_wrapped_in_list"/>
    <testcase time="0.00100000000000033" classname="utils" name="lang2calls_returns_atomics_and_symbols_wrapped_in_list"/>
    <testcase time="0.00099999999999989" classname="utils" name="lang2calls_returns_atomics_and_symbols_wrapped_in_list"/>
  </testsuite>
</testsuites>
